---------------------------------------------------------------
[ 2018-08-01T01:16:26+08:00 ] 80.82.70.187 GET http://www.baidu.com/cache/global/img/gs.gif
[ info ] www.baidu.comhttp://www.baidu.com/cache/global/img/gs.gif [运行时间：0.001613s][吞吐率：620.00req/s] [内存消耗：237.49kb] [文件加载：54]
[ info ] [ BEHAVIOR ] Run Closure @app_init [ RunTime:0.000015s ]
[ info ] [ CACHE ] INIT File
[ info ] [ BEHAVIOR ] Run Closure @app_init [ RunTime:0.000244s ]
[ info ] [ LANG ] /var/www/fastadmin/thinkphp/lang/zh-cn.php
[ info ] [ ROUTE ] array (
  'type' => 'module',
  'module' => 
  array (
    0 => 'cache',
    1 => 'global',
    2 => 'img',
  ),
)
[ info ] [ HEADER ] array (
  'host' => 'www.baidu.com',
  'user-agent' => 'Mozilla',
  'if-modified-since' => 'Thu, 19 Apr 2012 09:51:20 GMT',
)
[ info ] [ PARAM ] array (
)
[ info ] [ LOG ] INIT File
---------------------------------------------------------------
[ 2018-08-01T01:18:30+08:00 ] 177.137.147.238 GET /
[ info ] 118.24.114.43:8080/ [运行时间：0.002020s][吞吐率：495.02req/s] [内存消耗：381.65kb] [文件加载：69]
[ info ] [ BEHAVIOR ] Run Closure @app_init [ RunTime:0.000017s ]
[ info ] [ CACHE ] INIT File
[ info ] [ BEHAVIOR ] Run Closure @app_init [ RunTime:0.000249s ]
[ info ] [ LANG ] /var/www/fastadmin/thinkphp/lang/zh-cn.php
[ info ] [ ROUTE ] array (
  'type' => 'module',
  'module' => 
  array (
    0 => '',
    1 => NULL,
    2 => NULL,
  ),
)
[ info ] [ HEADER ] array (
  'host' => '118.24.114.43:8080',
  'user-agent' => 'Mozilla/5.0 (Windows NT 6.1; WOW64) AppleWebKit/537.36 (KHTML, like Gecko) Chrome/51.0.2704.103 Safari/537.36',
  'content-length' => '0',
)
[ info ] [ PARAM ] array (
)
[ info ] [ LANG ] /var/www/fastadmin/public/../application/index/lang/zh-cn.php
[ info ] [ BEHAVIOR ] Run app\common\behavior\Common @module_init [ RunTime:0.000071s ]
[ info ] [ LANG ] /var/www/fastadmin/public/../application/index/lang/zh-cn/index.php
[ info ] [ RUN ] app\index\controller\Index->index[ /var/www/fastadmin/application/index/controller/Index.php ]
[ info ] [ VIEW ] /var/www/fastadmin/public/../application/index/view/index/index.html [ array (
  0 => 'user',
  1 => 'site',
  2 => 'config',
) ]
[ info ] [ LOG ] INIT File
---------------------------------------------------------------
[ 2018-08-01T01:20:05+08:00 ] 190.253.230.54 GET /
[ info ] 118.24.114.43:8080/ [运行时间：0.001846s][吞吐率：541.69req/s] [内存消耗：381.65kb] [文件加载：69]
[ info ] [ BEHAVIOR ] Run Closure @app_init [ RunTime:0.000016s ]
[ info ] [ CACHE ] INIT File
[ info ] [ BEHAVIOR ] Run Closure @app_init [ RunTime:0.000242s ]
[ info ] [ LANG ] /var/www/fastadmin/thinkphp/lang/zh-cn.php
[ info ] [ ROUTE ] array (
  'type' => 'module',
  'module' => 
  array (
    0 => '',
    1 => NULL,
    2 => NULL,
  ),
)
[ info ] [ HEADER ] array (
  'host' => '118.24.114.43:8080',
  'user-agent' => 'Mozilla/5.0 (Windows NT 6.1; WOW64) AppleWebKit/537.36 (KHTML, like Gecko) Chrome/51.0.2704.103 Safari/537.36',
  'content-length' => '0',
)
[ info ] [ PARAM ] array (
)
[ info ] [ LANG ] /var/www/fastadmin/public/../application/index/lang/zh-cn.php
[ info ] [ BEHAVIOR ] Run app\common\behavior\Common @module_init [ RunTime:0.000067s ]
[ info ] [ LANG ] /var/www/fastadmin/public/../application/index/lang/zh-cn/index.php
[ info ] [ RUN ] app\index\controller\Index->index[ /var/www/fastadmin/application/index/controller/Index.php ]
[ info ] [ VIEW ] /var/www/fastadmin/public/../application/index/view/index/index.html [ array (
  0 => 'user',
  1 => 'site',
  2 => 'config',
) ]
[ info ] [ LOG ] INIT File
---------------------------------------------------------------
[ 2018-08-01T01:30:59+08:00 ] 83.147.220.221 GET /
[ info ] 118.24.114.43:8080/ [运行时间：0.001833s][吞吐率：545.49req/s] [内存消耗：381.65kb] [文件加载：69]
[ info ] [ BEHAVIOR ] Run Closure @app_init [ RunTime:0.000015s ]
[ info ] [ CACHE ] INIT File
[ info ] [ BEHAVIOR ] Run Closure @app_init [ RunTime:0.000249s ]
[ info ] [ LANG ] /var/www/fastadmin/thinkphp/lang/zh-cn.php
[ info ] [ ROUTE ] array (
  'type' => 'module',
  'module' => 
  array (
    0 => '',
    1 => NULL,
    2 => NULL,
  ),
)
[ info ] [ HEADER ] array (
  'host' => '118.24.114.43:8080',
  'user-agent' => 'Mozilla/5.0 (Windows NT 6.1; WOW64) AppleWebKit/537.36 (KHTML, like Gecko) Chrome/51.0.2704.103 Safari/537.36',
  'content-length' => '0',
)
[ info ] [ PARAM ] array (
)
[ info ] [ LANG ] /var/www/fastadmin/public/../application/index/lang/zh-cn.php
[ info ] [ BEHAVIOR ] Run app\common\behavior\Common @module_init [ RunTime:0.000067s ]
[ info ] [ LANG ] /var/www/fastadmin/public/../application/index/lang/zh-cn/index.php
[ info ] [ RUN ] app\index\controller\Index->index[ /var/www/fastadmin/application/index/controller/Index.php ]
[ info ] [ VIEW ] /var/www/fastadmin/public/../application/index/view/index/index.html [ array (
  0 => 'user',
  1 => 'site',
  2 => 'config',
) ]
[ info ] [ LOG ] INIT File
---------------------------------------------------------------
[ 2018-08-01T01:32:54+08:00 ] 91.242.44.35 GET /
[ info ] 118.24.114.43:8080/ [运行时间：0.002078s][吞吐率：481.22req/s] [内存消耗：381.65kb] [文件加载：69]
[ info ] [ BEHAVIOR ] Run Closure @app_init [ RunTime:0.000017s ]
[ info ] [ CACHE ] INIT File
[ info ] [ BEHAVIOR ] Run Closure @app_init [ RunTime:0.000255s ]
[ info ] [ LANG ] /var/www/fastadmin/thinkphp/lang/zh-cn.php
[ info ] [ ROUTE ] array (
  'type' => 'module',
  'module' => 
  array (
    0 => '',
    1 => NULL,
    2 => NULL,
  ),
)
[ info ] [ HEADER ] array (
  'host' => '118.24.114.43:8080',
  'user-agent' => 'Mozilla/5.0 (Windows NT 10.0; WOW64) AppleWebKit/537.36 (KHTML, like Gecko) Chrome/51.0.2704.103 Safari/537.36',
  'content-length' => '0',
)
[ info ] [ PARAM ] array (
)
[ info ] [ LANG ] /var/www/fastadmin/public/../application/index/lang/zh-cn.php
[ info ] [ BEHAVIOR ] Run app\common\behavior\Common @module_init [ RunTime:0.000078s ]
[ info ] [ LANG ] /var/www/fastadmin/public/../application/index/lang/zh-cn/index.php
[ info ] [ RUN ] app\index\controller\Index->index[ /var/www/fastadmin/application/index/controller/Index.php ]
[ info ] [ VIEW ] /var/www/fastadmin/public/../application/index/view/index/index.html [ array (
  0 => 'user',
  1 => 'site',
  2 => 'config',
) ]
[ info ] [ LOG ] INIT File
---------------------------------------------------------------
[ 2018-08-01T01:36:20+08:00 ] 60.191.38.78 GET /
[ info ] 118.24.114.43:8080/ [运行时间：0.002049s][吞吐率：488.05req/s] [内存消耗：381.67kb] [文件加载：69]
[ info ] [ BEHAVIOR ] Run Closure @app_init [ RunTime:0.000016s ]
[ info ] [ CACHE ] INIT File
[ info ] [ BEHAVIOR ] Run Closure @app_init [ RunTime:0.000322s ]
[ info ] [ LANG ] /var/www/fastadmin/thinkphp/lang/zh-cn.php
[ info ] [ ROUTE ] array (
  'type' => 'module',
  'module' => 
  array (
    0 => '',
    1 => NULL,
    2 => NULL,
  ),
)
[ info ] [ HEADER ] array (
  'host' => '118.24.114.43:8080',
  'user-agent' => 'Mozilla/5.0 (Macintosh; Intel Mac OS X 10.11; rv:47.0) Gecko/20100101 Firefox/47.0',
  'accept' => '*/*',
  'connection' => 'keep-alive',
)
[ info ] [ PARAM ] array (
)
[ info ] [ LANG ] /var/www/fastadmin/public/../application/index/lang/zh-cn.php
[ info ] [ BEHAVIOR ] Run app\common\behavior\Common @module_init [ RunTime:0.000067s ]
[ info ] [ LANG ] /var/www/fastadmin/public/../application/index/lang/zh-cn/index.php
[ info ] [ RUN ] app\index\controller\Index->index[ /var/www/fastadmin/application/index/controller/Index.php ]
[ info ] [ VIEW ] /var/www/fastadmin/public/../application/index/view/index/index.html [ array (
  0 => 'user',
  1 => 'site',
  2 => 'config',
) ]
[ info ] [ LOG ] INIT File
---------------------------------------------------------------
[ 2018-08-01T02:40:48+08:00 ] 168.197.115.181 GET /
[ info ] 118.24.114.43:8080/ [运行时间：0.001900s][吞吐率：526.33req/s] [内存消耗：381.65kb] [文件加载：69]
[ info ] [ BEHAVIOR ] Run Closure @app_init [ RunTime:0.000015s ]
[ info ] [ CACHE ] INIT File
[ info ] [ BEHAVIOR ] Run Closure @app_init [ RunTime:0.000232s ]
[ info ] [ LANG ] /var/www/fastadmin/thinkphp/lang/zh-cn.php
[ info ] [ ROUTE ] array (
  'type' => 'module',
  'module' => 
  array (
    0 => '',
    1 => NULL,
    2 => NULL,
  ),
)
[ info ] [ HEADER ] array (
  'host' => '118.24.114.43:8080',
  'user-agent' => 'Mozilla/5.0 (Windows NT 10.0; WOW64) AppleWebKit/537.36 (KHTML, like Gecko) Chrome/51.0.2704.103 Safari/537.36',
  'content-length' => '0',
)
[ info ] [ PARAM ] array (
)
[ info ] [ LANG ] /var/www/fastadmin/public/../application/index/lang/zh-cn.php
[ info ] [ BEHAVIOR ] Run app\common\behavior\Common @module_init [ RunTime:0.000069s ]
[ info ] [ LANG ] /var/www/fastadmin/public/../application/index/lang/zh-cn/index.php
[ info ] [ RUN ] app\index\controller\Index->index[ /var/www/fastadmin/application/index/controller/Index.php ]
[ info ] [ VIEW ] /var/www/fastadmin/public/../application/index/view/index/index.html [ array (
  0 => 'user',
  1 => 'site',
  2 => 'config',
) ]
[ info ] [ LOG ] INIT File
---------------------------------------------------------------
[ 2018-08-01T03:11:31+08:00 ] 80.82.78.50 GET http://www.baidu.com/cache/global/img/gs.gif
[ info ] www.baidu.comhttp://www.baidu.com/cache/global/img/gs.gif [运行时间：0.001506s][吞吐率：664.08req/s] [内存消耗：237.48kb] [文件加载：54]
[ info ] [ BEHAVIOR ] Run Closure @app_init [ RunTime:0.000015s ]
[ info ] [ CACHE ] INIT File
[ info ] [ BEHAVIOR ] Run Closure @app_init [ RunTime:0.000317s ]
[ info ] [ LANG ] /var/www/fastadmin/thinkphp/lang/zh-cn.php
[ info ] [ ROUTE ] array (
  'type' => 'module',
  'module' => 
  array (
    0 => 'cache',
    1 => 'global',
    2 => 'img',
  ),
)
[ info ] [ HEADER ] array (
  'host' => 'www.baidu.com',
  'user-agent' => 'Mozilla',
  'if-modified-since' => 'Thu, 19 Apr 2012 09:51:20 GMT',
)
[ info ] [ PARAM ] array (
)
[ info ] [ LOG ] INIT File
---------------------------------------------------------------
[ 2018-08-01T03:19:45+08:00 ] 185.198.1.17 GET /
[ info ] 118.24.114.43:8080/ [运行时间：0.004758s][吞吐率：210.18req/s] [内存消耗：381.65kb] [文件加载：69]
[ info ] [ BEHAVIOR ] Run Closure @app_init [ RunTime:0.000015s ]
[ info ] [ CACHE ] INIT File
[ info ] [ BEHAVIOR ] Run Closure @app_init [ RunTime:0.003139s ]
[ info ] [ LANG ] /var/www/fastadmin/thinkphp/lang/zh-cn.php
[ info ] [ ROUTE ] array (
  'type' => 'module',
  'module' => 
  array (
    0 => '',
    1 => NULL,
    2 => NULL,
  ),
)
[ info ] [ HEADER ] array (
  'host' => '118.24.114.43:8080',
  'user-agent' => 'Mozilla/5.0 (Windows NT 6.1; WOW64) AppleWebKit/537.36 (KHTML, like Gecko) Chrome/52.0.2743.116 Safari/537.36',
  'content-length' => '0',
)
[ info ] [ PARAM ] array (
)
[ info ] [ LANG ] /var/www/fastadmin/public/../application/index/lang/zh-cn.php
[ info ] [ BEHAVIOR ] Run app\common\behavior\Common @module_init [ RunTime:0.000071s ]
[ info ] [ LANG ] /var/www/fastadmin/public/../application/index/lang/zh-cn/index.php
[ info ] [ RUN ] app\index\controller\Index->index[ /var/www/fastadmin/application/index/controller/Index.php ]
[ info ] [ VIEW ] /var/www/fastadmin/public/../application/index/view/index/index.html [ array (
  0 => 'user',
  1 => 'site',
  2 => 'config',
) ]
[ info ] [ LOG ] INIT File
---------------------------------------------------------------
[ 2018-08-01T03:38:51+08:00 ] 218.60.67.79 GET /manager/html
[ info ] 118.24.114.43:8080/manager/html [运行时间：0.005418s][吞吐率：184.57req/s] [内存消耗：237.92kb] [文件加载：54]
[ info ] [ BEHAVIOR ] Run Closure @app_init [ RunTime:0.000015s ]
[ info ] [ CACHE ] INIT File
[ info ] [ BEHAVIOR ] Run Closure @app_init [ RunTime:0.004062s ]
[ info ] [ LANG ] /var/www/fastadmin/thinkphp/lang/zh-cn.php
[ info ] [ ROUTE ] array (
  'type' => 'module',
  'module' => 
  array (
    0 => 'manager',
    1 => 'html',
    2 => NULL,
  ),
)
[ info ] [ HEADER ] array (
  'accept' => 'text/html, application/xhtml+xml, */*',
  'user-agent' => 'Mozilla/5.0 (compatible; MSIE 10.0; Windows NT 6.2; WOW64; Trident/6.0)',
  'host' => '118.24.114.43:8080',
  'authorization' => 'Basic Og==',
)
[ info ] [ PARAM ] array (
)
[ info ] [ LOG ] INIT File
---------------------------------------------------------------
[ 2018-08-01T05:33:53+08:00 ] 91.102.217.105 GET /
[ info ] 118.24.114.43:8080/ [运行时间：0.001755s][吞吐率：569.80req/s] [内存消耗：381.65kb] [文件加载：69]
[ info ] [ BEHAVIOR ] Run Closure @app_init [ RunTime:0.000016s ]
[ info ] [ CACHE ] INIT File
[ info ] [ BEHAVIOR ] Run Closure @app_init [ RunTime:0.000229s ]
[ info ] [ LANG ] /var/www/fastadmin/thinkphp/lang/zh-cn.php
[ info ] [ ROUTE ] array (
  'type' => 'module',
  'module' => 
  array (
    0 => '',
    1 => NULL,
    2 => NULL,
  ),
)
[ info ] [ HEADER ] array (
  'host' => '118.24.114.43:8080',
  'user-agent' => 'Mozilla/5.0 (Windows NT 6.1; WOW64) AppleWebKit/537.36 (KHTML, like Gecko) Chrome/51.0.2704.103 Safari/537.36',
  'content-length' => '0',
)
[ info ] [ PARAM ] array (
)
[ info ] [ LANG ] /var/www/fastadmin/public/../application/index/lang/zh-cn.php
[ info ] [ BEHAVIOR ] Run app\common\behavior\Common @module_init [ RunTime:0.000076s ]
[ info ] [ LANG ] /var/www/fastadmin/public/../application/index/lang/zh-cn/index.php
[ info ] [ RUN ] app\index\controller\Index->index[ /var/www/fastadmin/application/index/controller/Index.php ]
[ info ] [ VIEW ] /var/www/fastadmin/public/../application/index/view/index/index.html [ array (
  0 => 'user',
  1 => 'site',
  2 => 'config',
) ]
[ info ] [ LOG ] INIT File
---------------------------------------------------------------
[ 2018-08-01T05:54:45+08:00 ] 105.179.6.6 GET /
[ info ] 118.24.114.43:8080/ [运行时间：0.001784s][吞吐率：560.51req/s] [内存消耗：381.65kb] [文件加载：69]
[ info ] [ BEHAVIOR ] Run Closure @app_init [ RunTime:0.000015s ]
[ info ] [ CACHE ] INIT File
[ info ] [ BEHAVIOR ] Run Closure @app_init [ RunTime:0.000237s ]
[ info ] [ LANG ] /var/www/fastadmin/thinkphp/lang/zh-cn.php
[ info ] [ ROUTE ] array (
  'type' => 'module',
  'module' => 
  array (
    0 => '',
    1 => NULL,
    2 => NULL,
  ),
)
[ info ] [ HEADER ] array (
  'host' => '118.24.114.43:8080',
  'user-agent' => 'Mozilla/5.0 (Macintosh; Intel Mac OS X 10_11_6) AppleWebKit/601.7.7 (KHTML, like Gecko) Version/9.1.2 Safari/601.7.7',
  'content-length' => '0',
)
[ info ] [ PARAM ] array (
)
[ info ] [ LANG ] /var/www/fastadmin/public/../application/index/lang/zh-cn.php
[ info ] [ BEHAVIOR ] Run app\common\behavior\Common @module_init [ RunTime:0.000068s ]
[ info ] [ LANG ] /var/www/fastadmin/public/../application/index/lang/zh-cn/index.php
[ info ] [ RUN ] app\index\controller\Index->index[ /var/www/fastadmin/application/index/controller/Index.php ]
[ info ] [ VIEW ] /var/www/fastadmin/public/../application/index/view/index/index.html [ array (
  0 => 'user',
  1 => 'site',
  2 => 'config',
) ]
[ info ] [ LOG ] INIT File
---------------------------------------------------------------
[ 2018-08-01T08:12:25+08:00 ] 184.105.139.67 GET /
[ info ] 118.24.114.43/ [运行时间：0.003968s][吞吐率：252.02req/s] [内存消耗：380.70kb] [文件加载：69]
[ info ] [ BEHAVIOR ] Run Closure @app_init [ RunTime:0.000064s ]
[ info ] [ CACHE ] INIT File
[ info ] [ BEHAVIOR ] Run Closure @app_init [ RunTime:0.000258s ]
[ info ] [ LANG ] /var/www/fastadmin/thinkphp/lang/zh-cn.php
[ info ] [ ROUTE ] array (
  'type' => 'module',
  'module' => 
  array (
    0 => '',
    1 => NULL,
    2 => NULL,
  ),
)
[ info ] [ HEADER ] array (
  'host' => '118.24.114.43',
)
[ info ] [ PARAM ] array (
)
[ info ] [ LANG ] /var/www/fastadmin/public/../application/index/lang/zh-cn.php
[ info ] [ BEHAVIOR ] Run app\common\behavior\Common @module_init [ RunTime:0.000116s ]
[ info ] [ LANG ] /var/www/fastadmin/public/../application/index/lang/zh-cn/index.php
[ info ] [ RUN ] app\index\controller\Index->index[ /var/www/fastadmin/application/index/controller/Index.php ]
[ info ] [ VIEW ] /var/www/fastadmin/public/../application/index/view/index/index.html [ array (
  0 => 'user',
  1 => 'site',
  2 => 'config',
) ]
[ info ] [ LOG ] INIT File
---------------------------------------------------------------
[ 2018-08-01T08:14:29+08:00 ] 62.1.102.30 GET /
[ info ] 118.24.114.43:8080/ [运行时间：0.001778s][吞吐率：562.39req/s] [内存消耗：381.65kb] [文件加载：69]
[ info ] [ BEHAVIOR ] Run Closure @app_init [ RunTime:0.000015s ]
[ info ] [ CACHE ] INIT File
[ info ] [ BEHAVIOR ] Run Closure @app_init [ RunTime:0.000226s ]
[ info ] [ LANG ] /var/www/fastadmin/thinkphp/lang/zh-cn.php
[ info ] [ ROUTE ] array (
  'type' => 'module',
  'module' => 
  array (
    0 => '',
    1 => NULL,
    2 => NULL,
  ),
)
[ info ] [ HEADER ] array (
  'host' => '118.24.114.43:8080',
  'user-agent' => 'Mozilla/5.0 (Windows NT 6.1; WOW64) AppleWebKit/537.36 (KHTML, like Gecko) Chrome/51.0.2704.103 Safari/537.36',
  'content-length' => '0',
)
[ info ] [ PARAM ] array (
)
[ info ] [ LANG ] /var/www/fastadmin/public/../application/index/lang/zh-cn.php
[ info ] [ BEHAVIOR ] Run app\common\behavior\Common @module_init [ RunTime:0.000064s ]
[ info ] [ LANG ] /var/www/fastadmin/public/../application/index/lang/zh-cn/index.php
[ info ] [ RUN ] app\index\controller\Index->index[ /var/www/fastadmin/application/index/controller/Index.php ]
[ info ] [ VIEW ] /var/www/fastadmin/public/../application/index/view/index/index.html [ array (
  0 => 'user',
  1 => 'site',
  2 => 'config',
) ]
[ info ] [ LOG ] INIT File
---------------------------------------------------------------
[ 2018-08-01T08:41:20+08:00 ] 193.198.49.183 GET /
[ info ] 118.24.114.43:8080/ [运行时间：0.001959s][吞吐率：510.50req/s] [内存消耗：381.65kb] [文件加载：69]
[ info ] [ BEHAVIOR ] Run Closure @app_init [ RunTime:0.000015s ]
[ info ] [ CACHE ] INIT File
[ info ] [ BEHAVIOR ] Run Closure @app_init [ RunTime:0.000260s ]
[ info ] [ LANG ] /var/www/fastadmin/thinkphp/lang/zh-cn.php
[ info ] [ ROUTE ] array (
  'type' => 'module',
  'module' => 
  array (
    0 => '',
    1 => NULL,
    2 => NULL,
  ),
)
[ info ] [ HEADER ] array (
  'host' => '118.24.114.43:8080',
  'user-agent' => 'Mozilla/5.0 (Macintosh; Intel Mac OS X 10_11_6) AppleWebKit/601.7.7 (KHTML, like Gecko) Version/9.1.2 Safari/601.7.7',
  'content-length' => '0',
)
[ info ] [ PARAM ] array (
)
[ info ] [ LANG ] /var/www/fastadmin/public/../application/index/lang/zh-cn.php
[ info ] [ BEHAVIOR ] Run app\common\behavior\Common @module_init [ RunTime:0.000071s ]
[ info ] [ LANG ] /var/www/fastadmin/public/../application/index/lang/zh-cn/index.php
[ info ] [ RUN ] app\index\controller\Index->index[ /var/www/fastadmin/application/index/controller/Index.php ]
[ info ] [ VIEW ] /var/www/fastadmin/public/../application/index/view/index/index.html [ array (
  0 => 'user',
  1 => 'site',
  2 => 'config',
) ]
[ info ] [ LOG ] INIT File
---------------------------------------------------------------
[ 2018-08-01T09:11:00+08:00 ] 113.240.170.119 GET http://www.zhizhi365.com/
[ info ] www.zhizhi365.comhttp://www.zhizhi365.com/ [运行时间：0.002005s][吞吐率：498.73req/s] [内存消耗：358.51kb] [文件加载：66]
[ info ] [ BEHAVIOR ] Run Closure @app_init [ RunTime:0.000015s ]
[ info ] [ CACHE ] INIT File
[ info ] [ BEHAVIOR ] Run Closure @app_init [ RunTime:0.000263s ]
[ info ] [ ROUTE ] array (
  'type' => 'module',
  'module' => 
  array (
    0 => '',
    1 => NULL,
    2 => NULL,
  ),
)
[ info ] [ HEADER ] array (
  'host' => 'www.zhizhi365.com',
  'user-agent' => 'Mozilla/5.0 (compatible; MSIE 9.0; Windows NT 6.1; Trident/5.0)',
  'accept' => '*/*',
  'accept-language' => 'en-us',
  'connection' => 'Keep-Alive',
)
[ info ] [ PARAM ] array (
)
[ info ] [ BEHAVIOR ] Run app\common\behavior\Common @module_init [ RunTime:0.000074s ]
[ info ] [ RUN ] app\index\controller\Index->index[ /var/www/fastadmin/application/index/controller/Index.php ]
[ info ] [ VIEW ] /var/www/fastadmin/public/../application/index/view/index/index.html [ array (
  0 => 'user',
  1 => 'site',
  2 => 'config',
) ]
[ info ] [ LOG ] INIT File
---------------------------------------------------------------
[ 2018-08-01T10:37:02+08:00 ] 80.82.70.187 GET http://www.baidu.com/cache/global/img/gs.gif
[ info ] www.baidu.comhttp://www.baidu.com/cache/global/img/gs.gif [运行时间：0.002339s][吞吐率：427.51req/s] [内存消耗：238.76kb] [文件加载：54]
[ info ] [ BEHAVIOR ] Run Closure @app_init [ RunTime:0.000016s ]
[ info ] [ CACHE ] INIT File
[ info ] [ BEHAVIOR ] Run Closure @app_init [ RunTime:0.000243s ]
[ info ] [ LANG ] /var/www/fastadmin/thinkphp/lang/zh-cn.php
[ info ] [ ROUTE ] array (
  'type' => 'module',
  'module' => 
  array (
    0 => 'cache',
    1 => 'global',
    2 => 'img',
  ),
)
[ info ] [ HEADER ] array (
  'host' => 'www.baidu.com',
  'user-agent' => 'Mozilla',
  'if-modified-since' => 'Thu, 19 Apr 2012 09:51:20 GMT',
)
[ info ] [ PARAM ] array (
)
[ info ] [ LOG ] INIT File
---------------------------------------------------------------
[ 2018-08-01T11:00:12+08:00 ] 36.76.183.108 GET /
[ info ] 118.24.114.43:8080/ [运行时间：0.001909s][吞吐率：523.83req/s] [内存消耗：381.65kb] [文件加载：69]
[ info ] [ BEHAVIOR ] Run Closure @app_init [ RunTime:0.000015s ]
[ info ] [ CACHE ] INIT File
[ info ] [ BEHAVIOR ] Run Closure @app_init [ RunTime:0.000249s ]
[ info ] [ LANG ] /var/www/fastadmin/thinkphp/lang/zh-cn.php
[ info ] [ ROUTE ] array (
  'type' => 'module',
  'module' => 
  array (
    0 => '',
    1 => NULL,
    2 => NULL,
  ),
)
[ info ] [ HEADER ] array (
  'host' => '118.24.114.43:8080',
  'user-agent' => 'Mozilla/5.0 (Macintosh; Intel Mac OS X 10_11_6) AppleWebKit/601.7.7 (KHTML, like Gecko) Version/9.1.2 Safari/601.7.7',
  'content-length' => '0',
)
[ info ] [ PARAM ] array (
)
[ info ] [ LANG ] /var/www/fastadmin/public/../application/index/lang/zh-cn.php
[ info ] [ BEHAVIOR ] Run app\common\behavior\Common @module_init [ RunTime:0.000069s ]
[ info ] [ LANG ] /var/www/fastadmin/public/../application/index/lang/zh-cn/index.php
[ info ] [ RUN ] app\index\controller\Index->index[ /var/www/fastadmin/application/index/controller/Index.php ]
[ info ] [ VIEW ] /var/www/fastadmin/public/../application/index/view/index/index.html [ array (
  0 => 'user',
  1 => 'site',
  2 => 'config',
) ]
[ info ] [ LOG ] INIT File
---------------------------------------------------------------
[ 2018-08-01T11:52:58+08:00 ] 186.4.182.85 GET /
[ info ] 118.24.114.43:8080/ [运行时间：0.001842s][吞吐率：542.88req/s] [内存消耗：381.65kb] [文件加载：69]
[ info ] [ BEHAVIOR ] Run Closure @app_init [ RunTime:0.000015s ]
[ info ] [ CACHE ] INIT File
[ info ] [ BEHAVIOR ] Run Closure @app_init [ RunTime:0.000233s ]
[ info ] [ LANG ] /var/www/fastadmin/thinkphp/lang/zh-cn.php
[ info ] [ ROUTE ] array (
  'type' => 'module',
  'module' => 
  array (
    0 => '',
    1 => NULL,
    2 => NULL,
  ),
)
[ info ] [ HEADER ] array (
  'host' => '118.24.114.43:8080',
  'user-agent' => 'Mozilla/5.0 (Macintosh; Intel Mac OS X 10_11_6) AppleWebKit/601.7.7 (KHTML, like Gecko) Version/9.1.2 Safari/601.7.7',
  'content-length' => '0',
)
[ info ] [ PARAM ] array (
)
[ info ] [ LANG ] /var/www/fastadmin/public/../application/index/lang/zh-cn.php
[ info ] [ BEHAVIOR ] Run app\common\behavior\Common @module_init [ RunTime:0.000066s ]
[ info ] [ LANG ] /var/www/fastadmin/public/../application/index/lang/zh-cn/index.php
[ info ] [ RUN ] app\index\controller\Index->index[ /var/www/fastadmin/application/index/controller/Index.php ]
[ info ] [ VIEW ] /var/www/fastadmin/public/../application/index/view/index/index.html [ array (
  0 => 'user',
  1 => 'site',
  2 => 'config',
) ]
[ info ] [ LOG ] INIT File
---------------------------------------------------------------
[ 2018-08-01T12:23:23+08:00 ] 139.162.79.87 GET /
[ info ] 118.24.114.43:8080/ [运行时间：0.001848s][吞吐率：541.13req/s] [内存消耗：381.54kb] [文件加载：69]
[ info ] [ BEHAVIOR ] Run Closure @app_init [ RunTime:0.000016s ]
[ info ] [ CACHE ] INIT File
[ info ] [ BEHAVIOR ] Run Closure @app_init [ RunTime:0.000288s ]
[ info ] [ LANG ] /var/www/fastadmin/thinkphp/lang/zh-cn.php
[ info ] [ ROUTE ] array (
  'type' => 'module',
  'module' => 
  array (
    0 => '',
    1 => NULL,
    2 => NULL,
  ),
)
[ info ] [ HEADER ] array (
  'host' => '118.24.114.43:8080',
  'user-agent' => 'Mozilla/5.0',
  'accept-encoding' => 'gzip',
  'connection' => 'close',
)
[ info ] [ PARAM ] array (
)
[ info ] [ LANG ] /var/www/fastadmin/public/../application/index/lang/zh-cn.php
[ info ] [ BEHAVIOR ] Run app\common\behavior\Common @module_init [ RunTime:0.000066s ]
[ info ] [ LANG ] /var/www/fastadmin/public/../application/index/lang/zh-cn/index.php
[ info ] [ RUN ] app\index\controller\Index->index[ /var/www/fastadmin/application/index/controller/Index.php ]
[ info ] [ VIEW ] /var/www/fastadmin/public/../application/index/view/index/index.html [ array (
  0 => 'user',
  1 => 'site',
  2 => 'config',
) ]
[ info ] [ LOG ] INIT File
---------------------------------------------------------------
[ 2018-08-01T13:42:40+08:00 ] 103.231.30.11 GET /
[ info ] 118.24.114.43:8080/ [运行时间：0.002137s][吞吐率：467.91req/s] [内存消耗：382.59kb] [文件加载：69]
[ info ] [ BEHAVIOR ] Run Closure @app_init [ RunTime:0.000015s ]
[ info ] [ CACHE ] INIT File
[ info ] [ BEHAVIOR ] Run Closure @app_init [ RunTime:0.000260s ]
[ info ] [ LANG ] /var/www/fastadmin/thinkphp/lang/zh-cn.php
[ info ] [ ROUTE ] array (
  'type' => 'module',
  'module' => 
  array (
    0 => '',
    1 => NULL,
    2 => NULL,
  ),
)
[ info ] [ HEADER ] array (
  'connection' => 'Keep-Alive',
  'content-type' => 'application/x-www-form-urlencoded',
  'accept' => '*/*',
  'accept-language' => 'zh-CN',
  'referer' => 'http://118.24.114.43:8080',
  'user-agent' => 'Mozilla/5.0 (compatible; MSIE 9.0; Windows NT 6.1; Win64; x64; Trident/5.0)',
  'host' => '118.24.114.43:8080',
)
[ info ] [ PARAM ] array (
)
[ info ] [ LANG ] /var/www/fastadmin/public/../application/index/lang/zh-cn.php
[ info ] [ BEHAVIOR ] Run app\common\behavior\Common @module_init [ RunTime:0.000075s ]
[ info ] [ LANG ] /var/www/fastadmin/public/../application/index/lang/zh-cn/index.php
[ info ] [ RUN ] app\index\controller\Index->index[ /var/www/fastadmin/application/index/controller/Index.php ]
[ info ] [ VIEW ] /var/www/fastadmin/public/../application/index/view/index/index.html [ array (
  0 => 'user',
  1 => 'site',
  2 => 'config',
) ]
[ info ] [ LOG ] INIT File
---------------------------------------------------------------
[ 2018-08-01T13:42:40+08:00 ] 103.231.30.11 GET /login
[ info ] 118.24.114.43:8080/login [运行时间：0.001258s][吞吐率：794.98req/s] [内存消耗：239.70kb] [文件加载：54]
[ info ] [ BEHAVIOR ] Run Closure @app_init [ RunTime:0.000015s ]
[ info ] [ CACHE ] INIT File
[ info ] [ BEHAVIOR ] Run Closure @app_init [ RunTime:0.000217s ]
[ info ] [ LANG ] /var/www/fastadmin/thinkphp/lang/zh-cn.php
[ info ] [ ROUTE ] array (
  'type' => 'module',
  'module' => 
  array (
    0 => 'login',
    1 => NULL,
    2 => NULL,
  ),
)
[ info ] [ HEADER ] array (
  'connection' => 'Keep-Alive',
  'content-type' => 'application/x-www-form-urlencoded',
  'accept' => '*/*',
  'accept-language' => 'zh-CN',
  'referer' => 'http://118.24.114.43:8080/login',
  'user-agent' => 'Mozilla/5.0 (compatible; MSIE 9.0; Windows NT 6.1; Win64; x64; Trident/5.0)',
  'host' => '118.24.114.43:8080',
)
[ info ] [ PARAM ] array (
)
[ info ] [ LOG ] INIT File
---------------------------------------------------------------
[ 2018-08-01T13:46:05+08:00 ] 82.117.245.117 GET /
[ info ] 118.24.114.43:8080/ [运行时间：0.001928s][吞吐率：518.65req/s] [内存消耗：381.65kb] [文件加载：69]
[ info ] [ BEHAVIOR ] Run Closure @app_init [ RunTime:0.000018s ]
[ info ] [ CACHE ] INIT File
[ info ] [ BEHAVIOR ] Run Closure @app_init [ RunTime:0.000257s ]
[ info ] [ LANG ] /var/www/fastadmin/thinkphp/lang/zh-cn.php
[ info ] [ ROUTE ] array (
  'type' => 'module',
  'module' => 
  array (
    0 => '',
    1 => NULL,
    2 => NULL,
  ),
)
[ info ] [ HEADER ] array (
  'host' => '118.24.114.43:8080',
  'user-agent' => 'Mozilla/5.0 (Windows NT 10.0; WOW64) AppleWebKit/537.36 (KHTML, like Gecko) Chrome/52.0.2743.116 Safari/537.36',
  'content-length' => '0',
)
[ info ] [ PARAM ] array (
)
[ info ] [ LANG ] /var/www/fastadmin/public/../application/index/lang/zh-cn.php
[ info ] [ BEHAVIOR ] Run app\common\behavior\Common @module_init [ RunTime:0.000068s ]
[ info ] [ LANG ] /var/www/fastadmin/public/../application/index/lang/zh-cn/index.php
[ info ] [ RUN ] app\index\controller\Index->index[ /var/www/fastadmin/application/index/controller/Index.php ]
[ info ] [ VIEW ] /var/www/fastadmin/public/../application/index/view/index/index.html [ array (
  0 => 'user',
  1 => 'site',
  2 => 'config',
) ]
[ info ] [ LOG ] INIT File
---------------------------------------------------------------
[ 2018-08-01T14:09:37+08:00 ] 181.143.9.114 GET /
[ info ] 118.24.114.43:8080/ [运行时间：0.001804s][吞吐率：554.29req/s] [内存消耗：381.65kb] [文件加载：69]
[ info ] [ BEHAVIOR ] Run Closure @app_init [ RunTime:0.000014s ]
[ info ] [ CACHE ] INIT File
[ info ] [ BEHAVIOR ] Run Closure @app_init [ RunTime:0.000226s ]
[ info ] [ LANG ] /var/www/fastadmin/thinkphp/lang/zh-cn.php
[ info ] [ ROUTE ] array (
  'type' => 'module',
  'module' => 
  array (
    0 => '',
    1 => NULL,
    2 => NULL,
  ),
)
[ info ] [ HEADER ] array (
  'host' => '118.24.114.43:8080',
  'user-agent' => 'Mozilla/5.0 (Macintosh; Intel Mac OS X 10_11_6) AppleWebKit/601.7.7 (KHTML, like Gecko) Version/9.1.2 Safari/601.7.7',
  'content-length' => '0',
)
[ info ] [ PARAM ] array (
)
[ info ] [ LANG ] /var/www/fastadmin/public/../application/index/lang/zh-cn.php
[ info ] [ BEHAVIOR ] Run app\common\behavior\Common @module_init [ RunTime:0.000066s ]
[ info ] [ LANG ] /var/www/fastadmin/public/../application/index/lang/zh-cn/index.php
[ info ] [ RUN ] app\index\controller\Index->index[ /var/www/fastadmin/application/index/controller/Index.php ]
[ info ] [ VIEW ] /var/www/fastadmin/public/../application/index/view/index/index.html [ array (
  0 => 'user',
  1 => 'site',
  2 => 'config',
) ]
[ info ] [ LOG ] INIT File
---------------------------------------------------------------
[ 2018-08-01T14:42:45+08:00 ] 188.191.29.82 GET /
[ info ] 118.24.114.43:8080/ [运行时间：0.001957s][吞吐率：511.00req/s] [内存消耗：381.65kb] [文件加载：69]
[ info ] [ BEHAVIOR ] Run Closure @app_init [ RunTime:0.000016s ]
[ info ] [ CACHE ] INIT File
[ info ] [ BEHAVIOR ] Run Closure @app_init [ RunTime:0.000242s ]
[ info ] [ LANG ] /var/www/fastadmin/thinkphp/lang/zh-cn.php
[ info ] [ ROUTE ] array (
  'type' => 'module',
  'module' => 
  array (
    0 => '',
    1 => NULL,
    2 => NULL,
  ),
)
[ info ] [ HEADER ] array (
  'host' => '118.24.114.43:8080',
  'user-agent' => 'Mozilla/5.0 (Windows NT 6.1; WOW64) AppleWebKit/537.36 (KHTML, like Gecko) Chrome/52.0.2743.116 Safari/537.36',
  'content-length' => '0',
)
[ info ] [ PARAM ] array (
)
[ info ] [ LANG ] /var/www/fastadmin/public/../application/index/lang/zh-cn.php
[ info ] [ BEHAVIOR ] Run app\common\behavior\Common @module_init [ RunTime:0.000077s ]
[ info ] [ LANG ] /var/www/fastadmin/public/../application/index/lang/zh-cn/index.php
[ info ] [ RUN ] app\index\controller\Index->index[ /var/www/fastadmin/application/index/controller/Index.php ]
[ info ] [ VIEW ] /var/www/fastadmin/public/../application/index/view/index/index.html [ array (
  0 => 'user',
  1 => 'site',
  2 => 'config',
) ]
[ info ] [ LOG ] INIT File
---------------------------------------------------------------
[ 2018-08-01T14:54:48+08:00 ] 103.231.30.11 GET /
[ info ] 118.24.114.43:8080/ [运行时间：0.001827s][吞吐率：547.34req/s] [内存消耗：382.59kb] [文件加载：69]
[ info ] [ BEHAVIOR ] Run Closure @app_init [ RunTime:0.000015s ]
[ info ] [ CACHE ] INIT File
[ info ] [ BEHAVIOR ] Run Closure @app_init [ RunTime:0.000231s ]
[ info ] [ LANG ] /var/www/fastadmin/thinkphp/lang/zh-cn.php
[ info ] [ ROUTE ] array (
  'type' => 'module',
  'module' => 
  array (
    0 => '',
    1 => NULL,
    2 => NULL,
  ),
)
[ info ] [ HEADER ] array (
  'connection' => 'Keep-Alive',
  'content-type' => 'application/x-www-form-urlencoded',
  'accept' => '*/*',
  'accept-language' => 'zh-CN',
  'referer' => 'http://118.24.114.43:8080',
  'user-agent' => 'Mozilla/5.0 (compatible; MSIE 9.0; Windows NT 6.1; Win64; x64; Trident/5.0)',
  'host' => '118.24.114.43:8080',
)
[ info ] [ PARAM ] array (
)
[ info ] [ LANG ] /var/www/fastadmin/public/../application/index/lang/zh-cn.php
[ info ] [ BEHAVIOR ] Run app\common\behavior\Common @module_init [ RunTime:0.000067s ]
[ info ] [ LANG ] /var/www/fastadmin/public/../application/index/lang/zh-cn/index.php
[ info ] [ RUN ] app\index\controller\Index->index[ /var/www/fastadmin/application/index/controller/Index.php ]
[ info ] [ VIEW ] /var/www/fastadmin/public/../application/index/view/index/index.html [ array (
  0 => 'user',
  1 => 'site',
  2 => 'config',
) ]
[ info ] [ LOG ] INIT File
---------------------------------------------------------------
[ 2018-08-01T14:55:12+08:00 ] 103.231.30.11 GET /login
[ info ] 118.24.114.43:8080/login [运行时间：0.004893s][吞吐率：204.38req/s] [内存消耗：239.70kb] [文件加载：54]
[ info ] [ BEHAVIOR ] Run Closure @app_init [ RunTime:0.000021s ]
[ info ] [ CACHE ] INIT File
[ info ] [ BEHAVIOR ] Run Closure @app_init [ RunTime:0.002760s ]
[ info ] [ LANG ] /var/www/fastadmin/thinkphp/lang/zh-cn.php
[ info ] [ ROUTE ] array (
  'type' => 'module',
  'module' => 
  array (
    0 => 'login',
    1 => NULL,
    2 => NULL,
  ),
)
[ info ] [ HEADER ] array (
  'connection' => 'Keep-Alive',
  'content-type' => 'application/x-www-form-urlencoded',
  'accept' => '*/*',
  'accept-language' => 'zh-CN',
  'referer' => 'http://118.24.114.43:8080/login',
  'user-agent' => 'Mozilla/5.0 (compatible; MSIE 9.0; Windows NT 6.1; Win64; x64; Trident/5.0)',
  'host' => '118.24.114.43:8080',
)
[ info ] [ PARAM ] array (
)
[ info ] [ LOG ] INIT File
---------------------------------------------------------------
[ 2018-08-01T16:44:05+08:00 ] 81.199.17.114 GET /
[ info ] 118.24.114.43:8080/ [运行时间：0.001765s][吞吐率：566.64req/s] [内存消耗：381.65kb] [文件加载：69]
[ info ] [ BEHAVIOR ] Run Closure @app_init [ RunTime:0.000015s ]
[ info ] [ CACHE ] INIT File
[ info ] [ BEHAVIOR ] Run Closure @app_init [ RunTime:0.000233s ]
[ info ] [ LANG ] /var/www/fastadmin/thinkphp/lang/zh-cn.php
[ info ] [ ROUTE ] array (
  'type' => 'module',
  'module' => 
  array (
    0 => '',
    1 => NULL,
    2 => NULL,
  ),
)
[ info ] [ HEADER ] array (
  'host' => '118.24.114.43:8080',
  'user-agent' => 'Mozilla/5.0 (Windows NT 6.1; WOW64) AppleWebKit/537.36 (KHTML, like Gecko) Chrome/51.0.2704.103 Safari/537.36',
  'content-length' => '0',
)
[ info ] [ PARAM ] array (
)
[ info ] [ LANG ] /var/www/fastadmin/public/../application/index/lang/zh-cn.php
[ info ] [ BEHAVIOR ] Run app\common\behavior\Common @module_init [ RunTime:0.000066s ]
[ info ] [ LANG ] /var/www/fastadmin/public/../application/index/lang/zh-cn/index.php
[ info ] [ RUN ] app\index\controller\Index->index[ /var/www/fastadmin/application/index/controller/Index.php ]
[ info ] [ VIEW ] /var/www/fastadmin/public/../application/index/view/index/index.html [ array (
  0 => 'user',
  1 => 'site',
  2 => 'config',
) ]
[ info ] [ LOG ] INIT File
---------------------------------------------------------------
[ 2018-08-01T17:08:18+08:00 ] 94.245.15.98 GET /
[ info ] 118.24.114.43:8080/ [运行时间：0.002551s][吞吐率：391.99req/s] [内存消耗：359.14kb] [文件加载：66]
[ info ] [ BEHAVIOR ] Run Closure @app_init [ RunTime:0.000020s ]
[ info ] [ CACHE ] INIT File
[ info ] [ BEHAVIOR ] Run Closure @app_init [ RunTime:0.000359s ]
[ info ] [ ROUTE ] array (
  'type' => 'module',
  'module' => 
  array (
    0 => '',
    1 => NULL,
    2 => NULL,
  ),
)
[ info ] [ HEADER ] array (
  'host' => '118.24.114.43:8080',
  'accept' => 'text/html, application/xhtml+xml, */*',
  'accept-language' => 'en-US',
  'user-agent' => 'Mozilla/5.0 (compatible; MSIE 9.0; Windows NT 6.1; WOW64; Trident/5.0)',
  'accept-encoding' => '',
  'connection' => 'Keep-Alive',
)
[ info ] [ PARAM ] array (
)
[ info ] [ BEHAVIOR ] Run app\common\behavior\Common @module_init [ RunTime:0.000092s ]
[ info ] [ RUN ] app\index\controller\Index->index[ /var/www/fastadmin/application/index/controller/Index.php ]
[ info ] [ VIEW ] /var/www/fastadmin/public/../application/index/view/index/index.html [ array (
  0 => 'user',
  1 => 'site',
  2 => 'config',
) ]
[ info ] [ LOG ] INIT File
---------------------------------------------------------------
[ 2018-08-01T17:24:54+08:00 ] 185.151.129.1 GET /
[ info ] 118.24.114.43:8080/ [运行时间：0.001814s][吞吐率：551.23req/s] [内存消耗：381.65kb] [文件加载：69]
[ info ] [ BEHAVIOR ] Run Closure @app_init [ RunTime:0.000015s ]
[ info ] [ CACHE ] INIT File
[ info ] [ BEHAVIOR ] Run Closure @app_init [ RunTime:0.000237s ]
[ info ] [ LANG ] /var/www/fastadmin/thinkphp/lang/zh-cn.php
[ info ] [ ROUTE ] array (
  'type' => 'module',
  'module' => 
  array (
    0 => '',
    1 => NULL,
    2 => NULL,
  ),
)
[ info ] [ HEADER ] array (
  'host' => '118.24.114.43:8080',
  'user-agent' => 'Mozilla/5.0 (Windows NT 10.0; WOW64) AppleWebKit/537.36 (KHTML, like Gecko) Chrome/52.0.2743.116 Safari/537.36',
  'content-length' => '0',
)
[ info ] [ PARAM ] array (
)
[ info ] [ LANG ] /var/www/fastadmin/public/../application/index/lang/zh-cn.php
[ info ] [ BEHAVIOR ] Run app\common\behavior\Common @module_init [ RunTime:0.000081s ]
[ info ] [ LANG ] /var/www/fastadmin/public/../application/index/lang/zh-cn/index.php
[ info ] [ RUN ] app\index\controller\Index->index[ /var/www/fastadmin/application/index/controller/Index.php ]
[ info ] [ VIEW ] /var/www/fastadmin/public/../application/index/view/index/index.html [ array (
  0 => 'user',
  1 => 'site',
  2 => 'config',
) ]
[ info ] [ LOG ] INIT File
---------------------------------------------------------------
[ 2018-08-01T18:44:30+08:00 ] 60.191.52.254 HEAD http://112.124.42.80:63435/
[ info ] 112.124.42.80:63435http://112.124.42.80:63435/ [运行时间：0.001899s][吞吐率：526.59req/s] [内存消耗：382.70kb] [文件加载：69]
[ info ] [ BEHAVIOR ] Run Closure @app_init [ RunTime:0.000016s ]
[ info ] [ CACHE ] INIT File
[ info ] [ BEHAVIOR ] Run Closure @app_init [ RunTime:0.000250s ]
[ info ] [ LANG ] /var/www/fastadmin/thinkphp/lang/zh-cn.php
[ info ] [ ROUTE ] array (
  'type' => 'module',
  'module' => 
  array (
    0 => '',
    1 => NULL,
    2 => NULL,
  ),
)
[ info ] [ HEADER ] array (
  'accept-encoding' => 'gzip',
  'user-agent' => 'Mozilla/5.0 (Macintosh; Intel Mac OS X 10_11_6) AppleWebKit/537.36 (KHTML, like Gecko) Chrome/53.0.2785.143 Safari/537.36',
  'bs_real_ip' => 'TmpBdU1Ua3hMalV5TGpJMU5Dd3hNVEl1TVRjdU1USTFMakU0TUE9PQ==',
  'host' => '112.124.42.80:63435',
  'accept' => 'text/html, image/gif, image/jpeg, *; q=.2, */*; q=.2',
  'proxy-connection' => 'keep-alive',
)
[ info ] [ PARAM ] array (
)
[ info ] [ LANG ] /var/www/fastadmin/public/../application/index/lang/zh-cn.php
[ info ] [ BEHAVIOR ] Run app\common\behavior\Common @module_init [ RunTime:0.000066s ]
[ info ] [ LANG ] /var/www/fastadmin/public/../application/index/lang/zh-cn/index.php
[ info ] [ RUN ] app\index\controller\Index->index[ /var/www/fastadmin/application/index/controller/Index.php ]
[ info ] [ VIEW ] /var/www/fastadmin/public/../application/index/view/index/index.html [ array (
  0 => 'user',
  1 => 'site',
  2 => 'config',
) ]
[ info ] [ LOG ] INIT File
---------------------------------------------------------------
[ 2018-08-01T18:44:31+08:00 ] 60.191.52.254 HEAD http://112.124.42.80:63435/
[ info ] 112.124.42.80:63435http://112.124.42.80:63435/ [运行时间：0.004588s][吞吐率：217.95req/s] [内存消耗：382.70kb] [文件加载：69]
[ info ] [ BEHAVIOR ] Run Closure @app_init [ RunTime:0.000015s ]
[ info ] [ CACHE ] INIT File
[ info ] [ BEHAVIOR ] Run Closure @app_init [ RunTime:0.003260s ]
[ info ] [ LANG ] /var/www/fastadmin/thinkphp/lang/zh-cn.php
[ info ] [ ROUTE ] array (
  'type' => 'module',
  'module' => 
  array (
    0 => '',
    1 => NULL,
    2 => NULL,
  ),
)
[ info ] [ HEADER ] array (
  'accept-encoding' => 'gzip',
  'user-agent' => 'Mozilla/5.0 (Macintosh; Intel Mac OS X 10_11_6) AppleWebKit/537.36 (KHTML, like Gecko) Chrome/53.0.2785.143 Safari/537.36',
  'bs_real_ip' => 'TmpBdU1Ua3hMalV5TGpJMU5Dd3hNVEl1TVRjdU1USTFMakU0TUE9PQ==',
  'host' => '112.124.42.80:63435',
  'accept' => 'text/html, image/gif, image/jpeg, *; q=.2, */*; q=.2',
  'proxy-connection' => 'keep-alive',
)
[ info ] [ PARAM ] array (
)
[ info ] [ LANG ] /var/www/fastadmin/public/../application/index/lang/zh-cn.php
[ info ] [ BEHAVIOR ] Run app\common\behavior\Common @module_init [ RunTime:0.000065s ]
[ info ] [ LANG ] /var/www/fastadmin/public/../application/index/lang/zh-cn/index.php
[ info ] [ RUN ] app\index\controller\Index->index[ /var/www/fastadmin/application/index/controller/Index.php ]
[ info ] [ VIEW ] /var/www/fastadmin/public/../application/index/view/index/index.html [ array (
  0 => 'user',
  1 => 'site',
  2 => 'config',
) ]
[ info ] [ LOG ] INIT File
---------------------------------------------------------------
[ 2018-08-01T18:44:33+08:00 ] 60.191.52.254 HEAD http://112.124.42.80:63435/
[ info ] 112.124.42.80:63435http://112.124.42.80:63435/ [运行时间：0.001837s][吞吐率：544.36req/s] [内存消耗：382.70kb] [文件加载：69]
[ info ] [ BEHAVIOR ] Run Closure @app_init [ RunTime:0.000015s ]
[ info ] [ CACHE ] INIT File
[ info ] [ BEHAVIOR ] Run Closure @app_init [ RunTime:0.000233s ]
[ info ] [ LANG ] /var/www/fastadmin/thinkphp/lang/zh-cn.php
[ info ] [ ROUTE ] array (
  'type' => 'module',
  'module' => 
  array (
    0 => '',
    1 => NULL,
    2 => NULL,
  ),
)
[ info ] [ HEADER ] array (
  'accept-encoding' => 'gzip',
  'user-agent' => 'Mozilla/5.0 (Macintosh; Intel Mac OS X 10_11_6) AppleWebKit/537.36 (KHTML, like Gecko) Chrome/53.0.2785.143 Safari/537.36',
  'bs_real_ip' => 'TmpBdU1Ua3hMalV5TGpJMU5Dd3hNVEl1TVRjdU1USTFMakU0TUE9PQ==',
  'host' => '112.124.42.80:63435',
  'accept' => 'text/html, image/gif, image/jpeg, *; q=.2, */*; q=.2',
  'proxy-connection' => 'keep-alive',
)
[ info ] [ PARAM ] array (
)
[ info ] [ LANG ] /var/www/fastadmin/public/../application/index/lang/zh-cn.php
[ info ] [ BEHAVIOR ] Run app\common\behavior\Common @module_init [ RunTime:0.000065s ]
[ info ] [ LANG ] /var/www/fastadmin/public/../application/index/lang/zh-cn/index.php
[ info ] [ RUN ] app\index\controller\Index->index[ /var/www/fastadmin/application/index/controller/Index.php ]
[ info ] [ VIEW ] /var/www/fastadmin/public/../application/index/view/index/index.html [ array (
  0 => 'user',
  1 => 'site',
  2 => 'config',
) ]
[ info ] [ LOG ] INIT File
---------------------------------------------------------------
[ 2018-08-01T18:44:37+08:00 ] 60.191.52.254 HEAD http://112.124.42.80:63435/
[ info ] 112.124.42.80:63435http://112.124.42.80:63435/ [运行时间：0.002474s][吞吐率：404.23req/s] [内存消耗：382.70kb] [文件加载：69]
[ info ] [ BEHAVIOR ] Run Closure @app_init [ RunTime:0.000020s ]
[ info ] [ CACHE ] INIT File
[ info ] [ BEHAVIOR ] Run Closure @app_init [ RunTime:0.000373s ]
[ info ] [ LANG ] /var/www/fastadmin/thinkphp/lang/zh-cn.php
[ info ] [ ROUTE ] array (
  'type' => 'module',
  'module' => 
  array (
    0 => '',
    1 => NULL,
    2 => NULL,
  ),
)
[ info ] [ HEADER ] array (
  'accept-encoding' => 'gzip',
  'user-agent' => 'Mozilla/5.0 (Macintosh; Intel Mac OS X 10_11_6) AppleWebKit/537.36 (KHTML, like Gecko) Chrome/53.0.2785.143 Safari/537.36',
  'bs_real_ip' => 'TmpBdU1Ua3hMalV5TGpJMU5Dd3hNVEl1TVRjdU1USTFMakU0TUE9PQ==',
  'host' => '112.124.42.80:63435',
  'accept' => 'text/html, image/gif, image/jpeg, *; q=.2, */*; q=.2',
  'proxy-connection' => 'keep-alive',
)
[ info ] [ PARAM ] array (
)
[ info ] [ LANG ] /var/www/fastadmin/public/../application/index/lang/zh-cn.php
[ info ] [ BEHAVIOR ] Run app\common\behavior\Common @module_init [ RunTime:0.000106s ]
[ info ] [ LANG ] /var/www/fastadmin/public/../application/index/lang/zh-cn/index.php
[ info ] [ RUN ] app\index\controller\Index->index[ /var/www/fastadmin/application/index/controller/Index.php ]
[ info ] [ VIEW ] /var/www/fastadmin/public/../application/index/view/index/index.html [ array (
  0 => 'user',
  1 => 'site',
  2 => 'config',
) ]
[ info ] [ LOG ] INIT File
---------------------------------------------------------------
[ 2018-08-01T18:44:44+08:00 ] 60.191.52.254 HEAD http://112.124.42.80:63435/
[ info ] 112.124.42.80:63435http://112.124.42.80:63435/ [运行时间：0.001819s][吞吐率：549.78req/s] [内存消耗：382.70kb] [文件加载：69]
[ info ] [ BEHAVIOR ] Run Closure @app_init [ RunTime:0.000020s ]
[ info ] [ CACHE ] INIT File
[ info ] [ BEHAVIOR ] Run Closure @app_init [ RunTime:0.000247s ]
[ info ] [ LANG ] /var/www/fastadmin/thinkphp/lang/zh-cn.php
[ info ] [ ROUTE ] array (
  'type' => 'module',
  'module' => 
  array (
    0 => '',
    1 => NULL,
    2 => NULL,
  ),
)
[ info ] [ HEADER ] array (
  'accept-encoding' => 'gzip',
  'user-agent' => 'Mozilla/5.0 (Macintosh; Intel Mac OS X 10_11_6) AppleWebKit/537.36 (KHTML, like Gecko) Chrome/53.0.2785.143 Safari/537.36',
  'bs_real_ip' => 'TmpBdU1Ua3hMalV5TGpJMU5Dd3hNVEl1TVRjdU1USTFMakU0TUE9PQ==',
  'host' => '112.124.42.80:63435',
  'accept' => 'text/html, image/gif, image/jpeg, *; q=.2, */*; q=.2',
  'proxy-connection' => 'keep-alive',
)
[ info ] [ PARAM ] array (
)
[ info ] [ LANG ] /var/www/fastadmin/public/../application/index/lang/zh-cn.php
[ info ] [ BEHAVIOR ] Run app\common\behavior\Common @module_init [ RunTime:0.000066s ]
[ info ] [ LANG ] /var/www/fastadmin/public/../application/index/lang/zh-cn/index.php
[ info ] [ RUN ] app\index\controller\Index->index[ /var/www/fastadmin/application/index/controller/Index.php ]
[ info ] [ VIEW ] /var/www/fastadmin/public/../application/index/view/index/index.html [ array (
  0 => 'user',
  1 => 'site',
  2 => 'config',
) ]
[ info ] [ LOG ] INIT File
---------------------------------------------------------------
[ 2018-08-01T18:45:00+08:00 ] 60.191.52.254 HEAD http://112.124.42.80:63435/
[ info ] 112.124.42.80:63435http://112.124.42.80:63435/ [运行时间：0.001788s][吞吐率：559.32req/s] [内存消耗：382.70kb] [文件加载：69]
[ info ] [ BEHAVIOR ] Run Closure @app_init [ RunTime:0.000015s ]
[ info ] [ CACHE ] INIT File
[ info ] [ BEHAVIOR ] Run Closure @app_init [ RunTime:0.000235s ]
[ info ] [ LANG ] /var/www/fastadmin/thinkphp/lang/zh-cn.php
[ info ] [ ROUTE ] array (
  'type' => 'module',
  'module' => 
  array (
    0 => '',
    1 => NULL,
    2 => NULL,
  ),
)
[ info ] [ HEADER ] array (
  'accept-encoding' => 'gzip',
  'user-agent' => 'Mozilla/5.0 (Macintosh; Intel Mac OS X 10_11_6) AppleWebKit/537.36 (KHTML, like Gecko) Chrome/53.0.2785.143 Safari/537.36',
  'bs_real_ip' => 'TmpBdU1Ua3hMalV5TGpJMU5Dd3hNVEl1TVRjdU1USTFMakU0TUE9PQ==',
  'host' => '112.124.42.80:63435',
  'accept' => 'text/html, image/gif, image/jpeg, *; q=.2, */*; q=.2',
  'proxy-connection' => 'keep-alive',
)
[ info ] [ PARAM ] array (
)
[ info ] [ LANG ] /var/www/fastadmin/public/../application/index/lang/zh-cn.php
[ info ] [ BEHAVIOR ] Run app\common\behavior\Common @module_init [ RunTime:0.000067s ]
[ info ] [ LANG ] /var/www/fastadmin/public/../application/index/lang/zh-cn/index.php
[ info ] [ RUN ] app\index\controller\Index->index[ /var/www/fastadmin/application/index/controller/Index.php ]
[ info ] [ VIEW ] /var/www/fastadmin/public/../application/index/view/index/index.html [ array (
  0 => 'user',
  1 => 'site',
  2 => 'config',
) ]
[ info ] [ LOG ] INIT File
---------------------------------------------------------------
[ 2018-08-01T18:50:48+08:00 ] 174.138.12.152 GET /
[ info ] 118.24.114.43:8080/ [运行时间：0.001805s][吞吐率：554.00req/s] [内存消耗：381.54kb] [文件加载：69]
[ info ] [ BEHAVIOR ] Run Closure @app_init [ RunTime:0.000016s ]
[ info ] [ CACHE ] INIT File
[ info ] [ BEHAVIOR ] Run Closure @app_init [ RunTime:0.000250s ]
[ info ] [ LANG ] /var/www/fastadmin/thinkphp/lang/zh-cn.php
[ info ] [ ROUTE ] array (
  'type' => 'module',
  'module' => 
  array (
    0 => '',
    1 => NULL,
    2 => NULL,
  ),
)
[ info ] [ HEADER ] array (
  'host' => '118.24.114.43:8080',
  'user-agent' => 'Mozilla/5.0 zgrab/0.x',
  'accept' => '*/*',
  'accept-encoding' => 'gzip',
)
[ info ] [ PARAM ] array (
)
[ info ] [ LANG ] /var/www/fastadmin/public/../application/index/lang/zh-cn.php
[ info ] [ BEHAVIOR ] Run app\common\behavior\Common @module_init [ RunTime:0.000067s ]
[ info ] [ LANG ] /var/www/fastadmin/public/../application/index/lang/zh-cn/index.php
[ info ] [ RUN ] app\index\controller\Index->index[ /var/www/fastadmin/application/index/controller/Index.php ]
[ info ] [ VIEW ] /var/www/fastadmin/public/../application/index/view/index/index.html [ array (
  0 => 'user',
  1 => 'site',
  2 => 'config',
) ]
[ info ] [ LOG ] INIT File
---------------------------------------------------------------
[ 2018-08-01T19:19:25+08:00 ] 106.2.124.185 GET http://baidu.com/
[ info ] baidu.comhttp://baidu.com/ [运行时间：0.001934s][吞吐率：517.05req/s] [内存消耗：381.81kb] [文件加载：69]
[ info ] [ BEHAVIOR ] Run Closure @app_init [ RunTime:0.000015s ]
[ info ] [ CACHE ] INIT File
[ info ] [ BEHAVIOR ] Run Closure @app_init [ RunTime:0.000307s ]
[ info ] [ LANG ] /var/www/fastadmin/thinkphp/lang/zh-cn.php
[ info ] [ ROUTE ] array (
  'type' => 'module',
  'module' => 
  array (
    0 => '',
    1 => NULL,
    2 => NULL,
  ),
)
[ info ] [ HEADER ] array (
  'user-agent' => 'Mozilla/4.0 (compatible; MSIE 8.0; Windows NT 6.1; Trident/4.0)',
  'connection' => 'close',
  'host' => 'baidu.com',
  'proxy-connection' => 'Keep-Alive',
  'accept-encoding' => 'gzip,deflate',
)
[ info ] [ PARAM ] array (
)
[ info ] [ LANG ] /var/www/fastadmin/public/../application/index/lang/zh-cn.php
[ info ] [ BEHAVIOR ] Run app\common\behavior\Common @module_init [ RunTime:0.000068s ]
[ info ] [ LANG ] /var/www/fastadmin/public/../application/index/lang/zh-cn/index.php
[ info ] [ RUN ] app\index\controller\Index->index[ /var/www/fastadmin/application/index/controller/Index.php ]
[ info ] [ VIEW ] /var/www/fastadmin/public/../application/index/view/index/index.html [ array (
  0 => 'user',
  1 => 'site',
  2 => 'config',
) ]
[ info ] [ LOG ] INIT File
---------------------------------------------------------------
[ 2018-08-01T19:59:27+08:00 ] 80.82.70.187 GET http://www.baidu.com/cache/global/img/gs.gif
[ info ] www.baidu.comhttp://www.baidu.com/cache/global/img/gs.gif [运行时间：0.001570s][吞吐率：636.95req/s] [内存消耗：237.48kb] [文件加载：54]
[ info ] [ BEHAVIOR ] Run Closure @app_init [ RunTime:0.000016s ]
[ info ] [ CACHE ] INIT File
[ info ] [ BEHAVIOR ] Run Closure @app_init [ RunTime:0.000229s ]
[ info ] [ LANG ] /var/www/fastadmin/thinkphp/lang/zh-cn.php
[ info ] [ ROUTE ] array (
  'type' => 'module',
  'module' => 
  array (
    0 => 'cache',
    1 => 'global',
    2 => 'img',
  ),
)
[ info ] [ HEADER ] array (
  'host' => 'www.baidu.com',
  'user-agent' => 'Mozilla',
  'if-modified-since' => 'Thu, 19 Apr 2012 09:51:20 GMT',
)
[ info ] [ PARAM ] array (
)
[ info ] [ LOG ] INIT File
---------------------------------------------------------------
[ 2018-08-01T20:09:29+08:00 ] 46.97.26.26 GET /
[ info ] 118.24.114.43:8080/ [运行时间：0.001786s][吞吐率：559.91req/s] [内存消耗：381.65kb] [文件加载：69]
[ info ] [ BEHAVIOR ] Run Closure @app_init [ RunTime:0.000014s ]
[ info ] [ CACHE ] INIT File
[ info ] [ BEHAVIOR ] Run Closure @app_init [ RunTime:0.000232s ]
[ info ] [ LANG ] /var/www/fastadmin/thinkphp/lang/zh-cn.php
[ info ] [ ROUTE ] array (
  'type' => 'module',
  'module' => 
  array (
    0 => '',
    1 => NULL,
    2 => NULL,
  ),
)
[ info ] [ HEADER ] array (
  'host' => '118.24.114.43:8080',
  'user-agent' => 'Mozilla/5.0 (Macintosh; Intel Mac OS X 10_11_6) AppleWebKit/601.7.7 (KHTML, like Gecko) Version/9.1.2 Safari/601.7.7',
  'content-length' => '0',
)
[ info ] [ PARAM ] array (
)
[ info ] [ LANG ] /var/www/fastadmin/public/../application/index/lang/zh-cn.php
[ info ] [ BEHAVIOR ] Run app\common\behavior\Common @module_init [ RunTime:0.000066s ]
[ info ] [ LANG ] /var/www/fastadmin/public/../application/index/lang/zh-cn/index.php
[ info ] [ RUN ] app\index\controller\Index->index[ /var/www/fastadmin/application/index/controller/Index.php ]
[ info ] [ VIEW ] /var/www/fastadmin/public/../application/index/view/index/index.html [ array (
  0 => 'user',
  1 => 'site',
  2 => 'config',
) ]
[ info ] [ LOG ] INIT File
---------------------------------------------------------------
[ 2018-08-01T20:58:13+08:00 ] 179.228.68.57 GET /
[ info ] 118.24.114.43:8080/ [运行时间：0.005031s][吞吐率：198.76req/s] [内存消耗：381.65kb] [文件加载：69]
[ info ] [ BEHAVIOR ] Run Closure @app_init [ RunTime:0.000015s ]
[ info ] [ CACHE ] INIT File
[ info ] [ BEHAVIOR ] Run Closure @app_init [ RunTime:0.003245s ]
[ info ] [ LANG ] /var/www/fastadmin/thinkphp/lang/zh-cn.php
[ info ] [ ROUTE ] array (
  'type' => 'module',
  'module' => 
  array (
    0 => '',
    1 => NULL,
    2 => NULL,
  ),
)
[ info ] [ HEADER ] array (
  'host' => '118.24.114.43:8080',
  'user-agent' => 'Mozilla/5.0 (Windows NT 6.1; WOW64) AppleWebKit/537.36 (KHTML, like Gecko) Chrome/52.0.2743.116 Safari/537.36',
  'content-length' => '0',
)
[ info ] [ PARAM ] array (
)
[ info ] [ LANG ] /var/www/fastadmin/public/../application/index/lang/zh-cn.php
[ info ] [ BEHAVIOR ] Run app\common\behavior\Common @module_init [ RunTime:0.000102s ]
[ info ] [ LANG ] /var/www/fastadmin/public/../application/index/lang/zh-cn/index.php
[ info ] [ RUN ] app\index\controller\Index->index[ /var/www/fastadmin/application/index/controller/Index.php ]
[ info ] [ VIEW ] /var/www/fastadmin/public/../application/index/view/index/index.html [ array (
  0 => 'user',
  1 => 'site',
  2 => 'config',
) ]
[ info ] [ LOG ] INIT File
---------------------------------------------------------------
[ 2018-08-01T21:11:55+08:00 ] 95.143.130.136 GET /
[ info ] 118.24.114.43:8080/ [运行时间：0.001857s][吞吐率：538.56req/s] [内存消耗：381.65kb] [文件加载：69]
[ info ] [ BEHAVIOR ] Run Closure @app_init [ RunTime:0.000015s ]
[ info ] [ CACHE ] INIT File
[ info ] [ BEHAVIOR ] Run Closure @app_init [ RunTime:0.000255s ]
[ info ] [ LANG ] /var/www/fastadmin/thinkphp/lang/zh-cn.php
[ info ] [ ROUTE ] array (
  'type' => 'module',
  'module' => 
  array (
    0 => '',
    1 => NULL,
    2 => NULL,
  ),
)
[ info ] [ HEADER ] array (
  'host' => '118.24.114.43:8080',
  'user-agent' => 'Mozilla/5.0 (Windows NT 6.1; WOW64) AppleWebKit/537.36 (KHTML, like Gecko) Chrome/52.0.2743.116 Safari/537.36',
  'content-length' => '0',
)
[ info ] [ PARAM ] array (
)
[ info ] [ LANG ] /var/www/fastadmin/public/../application/index/lang/zh-cn.php
[ info ] [ BEHAVIOR ] Run app\common\behavior\Common @module_init [ RunTime:0.000065s ]
[ info ] [ LANG ] /var/www/fastadmin/public/../application/index/lang/zh-cn/index.php
[ info ] [ RUN ] app\index\controller\Index->index[ /var/www/fastadmin/application/index/controller/Index.php ]
[ info ] [ VIEW ] /var/www/fastadmin/public/../application/index/view/index/index.html [ array (
  0 => 'user',
  1 => 'site',
  2 => 'config',
) ]
[ info ] [ LOG ] INIT File
---------------------------------------------------------------
[ 2018-08-01T21:46:27+08:00 ] 186.232.26.159 GET /
[ info ] 118.24.114.43:8080/ [运行时间：0.007297s][吞吐率：137.04req/s] [内存消耗：381.65kb] [文件加载：69]
[ info ] [ BEHAVIOR ] Run Closure @app_init [ RunTime:0.000016s ]
[ info ] [ CACHE ] INIT File
[ info ] [ BEHAVIOR ] Run Closure @app_init [ RunTime:0.005579s ]
[ info ] [ LANG ] /var/www/fastadmin/thinkphp/lang/zh-cn.php
[ info ] [ ROUTE ] array (
  'type' => 'module',
  'module' => 
  array (
    0 => '',
    1 => NULL,
    2 => NULL,
  ),
)
[ info ] [ HEADER ] array (
  'host' => '118.24.114.43:8080',
  'user-agent' => 'Mozilla/5.0 (Windows NT 10.0; WOW64) AppleWebKit/537.36 (KHTML, like Gecko) Chrome/52.0.2743.116 Safari/537.36',
  'content-length' => '0',
)
[ info ] [ PARAM ] array (
)
[ info ] [ LANG ] /var/www/fastadmin/public/../application/index/lang/zh-cn.php
[ info ] [ BEHAVIOR ] Run app\common\behavior\Common @module_init [ RunTime:0.000072s ]
[ info ] [ LANG ] /var/www/fastadmin/public/../application/index/lang/zh-cn/index.php
[ info ] [ RUN ] app\index\controller\Index->index[ /var/www/fastadmin/application/index/controller/Index.php ]
[ info ] [ VIEW ] /var/www/fastadmin/public/../application/index/view/index/index.html [ array (
  0 => 'user',
  1 => 'site',
  2 => 'config',
) ]
[ info ] [ LOG ] INIT File
---------------------------------------------------------------
[ 2018-08-01T22:21:07+08:00 ] 5.154.55.111 GET /
[ info ] 118.24.114.43:8080/ [运行时间：0.001824s][吞吐率：548.28req/s] [内存消耗：381.65kb] [文件加载：69]
[ info ] [ BEHAVIOR ] Run Closure @app_init [ RunTime:0.000015s ]
[ info ] [ CACHE ] INIT File
[ info ] [ BEHAVIOR ] Run Closure @app_init [ RunTime:0.000229s ]
[ info ] [ LANG ] /var/www/fastadmin/thinkphp/lang/zh-cn.php
[ info ] [ ROUTE ] array (
  'type' => 'module',
  'module' => 
  array (
    0 => '',
    1 => NULL,
    2 => NULL,
  ),
)
[ info ] [ HEADER ] array (
  'host' => '118.24.114.43:8080',
  'user-agent' => 'Mozilla/5.0 (Windows NT 6.1; WOW64) AppleWebKit/537.36 (KHTML, like Gecko) Chrome/52.0.2743.116 Safari/537.36',
  'content-length' => '0',
)
[ info ] [ PARAM ] array (
)
[ info ] [ LANG ] /var/www/fastadmin/public/../application/index/lang/zh-cn.php
[ info ] [ BEHAVIOR ] Run app\common\behavior\Common @module_init [ RunTime:0.000067s ]
[ info ] [ LANG ] /var/www/fastadmin/public/../application/index/lang/zh-cn/index.php
[ info ] [ RUN ] app\index\controller\Index->index[ /var/www/fastadmin/application/index/controller/Index.php ]
[ info ] [ VIEW ] /var/www/fastadmin/public/../application/index/view/index/index.html [ array (
  0 => 'user',
  1 => 'site',
  2 => 'config',
) ]
[ info ] [ LOG ] INIT File
---------------------------------------------------------------
[ 2018-08-01T22:40:51+08:00 ] 58.150.60.162 POST /WEB_VMS/LEVEL15/
[ info ] 118.24.114.43:8080/WEB_VMS/LEVEL15/ [运行时间：0.005253s][吞吐率：190.36req/s] [内存消耗：239.59kb] [文件加载：54]
[ info ] [ BEHAVIOR ] Run Closure @app_init [ RunTime:0.000015s ]
[ info ] [ CACHE ] INIT File
[ info ] [ BEHAVIOR ] Run Closure @app_init [ RunTime:0.004002s ]
[ info ] [ LANG ] /var/www/fastadmin/thinkphp/lang/zh-cn.php
[ info ] [ ROUTE ] array (
  'type' => 'module',
  'module' => 
  array (
    0 => 'WEB_VMS',
    1 => 'LEVEL15',
    2 => NULL,
  ),
)
[ info ] [ HEADER ] array (
  'authorization' => 'Basic bWFuYWdlcjptYW5hZ2Vy',
  'cookie' => 'auth=bWFuYWdlcjptYW5hZ2Vy; user=manager; currentURL=',
  'content-type' => 'application/x-www-form-urlencoded',
  'host' => '118.24.114.43:8080',
  'content-length' => '71',
  'expect' => '100-continue',
  'connection' => 'Keep-Alive',
)
[ info ] [ PARAM ] array (
  'command' => 'show clock',
  'strurl' => 'exec',
  'mode' => 'PRIV_EXEC',
  'signname' => 'Red-Giant.',
)
[ info ] [ LOG ] INIT File
---------------------------------------------------------------
[ 2018-08-01T22:40:54+08:00 ] 58.150.60.162 POST /WEB_VMS/LEVEL15/
[ info ] 118.24.114.43:8080/WEB_VMS/LEVEL15/ [运行时间：0.001388s][吞吐率：720.42req/s] [内存消耗：239.45kb] [文件加载：54]
[ info ] [ BEHAVIOR ] Run Closure @app_init [ RunTime:0.000015s ]
[ info ] [ CACHE ] INIT File
[ info ] [ BEHAVIOR ] Run Closure @app_init [ RunTime:0.000214s ]
[ info ] [ LANG ] /var/www/fastadmin/thinkphp/lang/zh-cn.php
[ info ] [ ROUTE ] array (
  'type' => 'module',
  'module' => 
  array (
    0 => 'WEB_VMS',
    1 => 'LEVEL15',
    2 => NULL,
  ),
)
[ info ] [ HEADER ] array (
  'authorization' => 'Basic bWFuYWdlcjptYW5hZ2Vy',
  'cookie' => 'auth=bWFuYWdlcjptYW5hZ2Vy; user=manager; currentURL=',
  'content-type' => 'application/x-www-form-urlencoded',
  'host' => '118.24.114.43:8080',
  'content-length' => '71',
  'expect' => '100-continue',
)
[ info ] [ PARAM ] array (
  'command' => 'show clock',
  'strurl' => 'exec',
  'mode' => 'PRIV_EXEC',
  'signname' => 'Red-Giant.',
)
[ info ] [ LOG ] INIT File
---------------------------------------------------------------
[ 2018-08-01T22:56:29+08:00 ] 177.189.195.149 GET /
[ info ] 118.24.114.43:8080/ [运行时间：0.005832s][吞吐率：171.47req/s] [内存消耗：381.65kb] [文件加载：69]
[ info ] [ BEHAVIOR ] Run Closure @app_init [ RunTime:0.000017s ]
[ info ] [ CACHE ] INIT File
[ info ] [ BEHAVIOR ] Run Closure @app_init [ RunTime:0.003674s ]
[ info ] [ LANG ] /var/www/fastadmin/thinkphp/lang/zh-cn.php
[ info ] [ ROUTE ] array (
  'type' => 'module',
  'module' => 
  array (
    0 => '',
    1 => NULL,
    2 => NULL,
  ),
)
[ info ] [ HEADER ] array (
  'host' => '118.24.114.43:8080',
  'user-agent' => 'Mozilla/5.0 (Windows NT 10.0; WOW64) AppleWebKit/537.36 (KHTML, like Gecko) Chrome/52.0.2743.116 Safari/537.36',
  'content-length' => '0',
)
[ info ] [ PARAM ] array (
)
[ info ] [ LANG ] /var/www/fastadmin/public/../application/index/lang/zh-cn.php
[ info ] [ BEHAVIOR ] Run app\common\behavior\Common @module_init [ RunTime:0.000107s ]
[ info ] [ LANG ] /var/www/fastadmin/public/../application/index/lang/zh-cn/index.php
[ info ] [ RUN ] app\index\controller\Index->index[ /var/www/fastadmin/application/index/controller/Index.php ]
[ info ] [ VIEW ] /var/www/fastadmin/public/../application/index/view/index/index.html [ array (
  0 => 'user',
  1 => 'site',
  2 => 'config',
) ]
[ info ] [ LOG ] INIT File
